# JRE version: OpenJDK Runtime Environment (8.0_191-b12) (build 1.8.0_191-b12)
# Java VM: OpenJDK 64-Bit Server VM (25.191-b12 mixed mode linux-amd64 compressed oops)
Heap:
 def new generation   total 6528K, used 4954K [0x00000000f0800000, 0x00000000f0f10000, 0x00000000f5aa0000)
  eden space 5824K,  82% used [0x00000000f0800000, 0x00000000f0cae408, 0x00000000f0db0000)
  from space 704K,  22% used [0x00000000f0e60000, 0x00000000f0e88630, 0x00000000f0f10000)
  to   space 704K,   0% used [0x00000000f0db0000, 0x00000000f0db0000, 0x00000000f0e60000)
 tenured generation   total 14336K, used 13223K [0x00000000f5aa0000, 0x00000000f68a0000, 0x0000000100000000)
   the space 14336K,  92% used [0x00000000f5aa0000, 0x00000000f6789fc8, 0x00000000f678a000, 0x00000000f68a0000)
 Metaspace       used 22503K, capacity 22846K, committed 23168K, reserved 1069056K
  class space    used 2479K, capacity 2613K, committed 2688K, reserved 1048576K
GC Heap History (124 events):
Event: 0.125 GC heap before
{Heap before GC invocations=0 (full 0):
 def new generation   total 4928K, used 4416K [0x00000000f0800000, 0x00000000f0d50000, 0x00000000f5aa0000)
  eden space 4416K, 100% used [0x00000000f0800000, 0x00000000f0c50000, 0x00000000f0c50000)
  from space 512K,   0% used [0x00000000f0c50000, 0x00000000f0c50000, 0x00000000f0cd0000)
  to   space 512K,   0% used [0x00000000f0cd0000, 0x00000000f0cd0000, 0x00000000f0d50000)
 tenured generation   total 10944K, used 0K [0x00000000f5aa0000, 0x00000000f6550000, 0x0000000100000000)
   the space 10944K,   0% used [0x00000000f5aa0000, 0x00000000f5aa0000, 0x00000000f5aa0200, 0x00000000f6550000)
 Metaspace       used 5017K, capacity 5260K, committed 5504K, reserved 1056768K
  class space    used 482K, capacity 568K, committed 640K, reserved 1048576K
Event: 0.127 GC heap after
Heap after GC invocations=1 (full 0):
 def new generation   total 4928K, used 512K [0x00000000f0800000, 0x00000000f0d50000, 0x00000000f5aa0000)
  eden space 4416K,   0% used [0x00000000f0800000, 0x00000000f0800000, 0x00000000f0c50000)
  from space 512K, 100% used [0x00000000f0cd0000, 0x00000000f0d50000, 0x00000000f0d50000)
  to   space 512K,   0% used [0x00000000f0c50000, 0x00000000f0c50000, 0x00000000f0cd0000)
 tenured generation   total 10944K, used 879K [0x00000000f5aa0000, 0x00000000f6550000, 0x0000000100000000)
   the space 10944K,   8% used [0x00000000f5aa0000, 0x00000000f5b7be78, 0x00000000f5b7c000, 0x00000000f6550000)
 Metaspace       used 5017K, capacity 5260K, committed 5504K, reserved 1056768K
  class space    used 482K, capacity 568K, committed 640K, reserved 1048576K
}
Event: 0.173 GC heap before
{Heap before GC invocations=1 (full 0):
 def new generation   total 4928K, used 4928K [0x00000000f0800000, 0x00000000f0d50000, 0x00000000f5aa0000)
  eden space 4416K, 100% used [0x00000000f0800000, 0x00000000f0c50000, 0x00000000f0c50000)
  from space 512K, 100% used [0x00000000f0cd0000, 0x00000000f0d50000, 0x00000000f0d50000)
  to   space 512K,   0% used [0x00000000f0c50000, 0x00000000f0c50000, 0x00000000f0cd0000)
 tenured generation   total 10944K, used 879K [0x00000000f5aa0000, 0x00000000f6550000, 0x0000000100000000)
   the space 10944K,   8% used [0x00000000f5aa0000, 0x00000000f5b7be78, 0x00000000f5b7c000, 0x00000000f6550000)
 Metaspace       used 5785K, capacity 5916K, committed 6016K, reserved 1056768K
  class space    used 588K, capacity 632K, committed 640K, reserved 1048576K
Event: 0.176 GC heap after
Heap after GC invocations=2 (full 0):
 def new generation   total 4928K, used 511K [0x00000000f0800000, 0x00000000f0d50000, 0x00000000f5aa0000)
  eden space 4416K,   0% used [0x00000000f0800000, 0x00000000f0800000, 0x00000000f0c50000)
  from space 512K,  99% used [0x00000000f0c50000, 0x00000000f0ccfff8, 0x00000000f0cd0000)
  to   space 512K,   0% used [0x00000000f0cd0000, 0x00000000f0cd0000, 0x00000000f0d50000)
 tenured generation   total 10944K, used 1607K [0x00000000f5aa0000, 0x00000000f6550000, 0x0000000100000000)
   the space 10944K,  14% used [0x00000000f5aa0000, 0x00000000f5c31ec0, 0x00000000f5c32000, 0x00000000f6550000)
 Metaspace       used 5785K, capacity 5916K, committed 6016K, reserved 1056768K
  class space    used 588K, capacity 632K, committed 640K, reserved 1048576K
}
Event: 0.212 GC heap before
{Heap before GC invocations=2 (full 0):
 def new generation   total 4928K, used 4927K [0x00000000f0800000, 0x00000000f0d50000, 0x00000000f5aa0000)
  eden space 4416K, 100% used [0x00000000f0800000, 0x00000000f0c50000, 0x00000000f0c50000)
  from space 512K,  99% used [0x00000000f0c50000, 0x00000000f0ccfff8, 0x00000000f0cd0000)
  to   space 512K,   0% used [0x00000000f0cd0000, 0x00000000f0cd0000, 0x00000000f0d50000)
 tenured generation   total 10944K, used 1607K [0x00000000f5aa0000, 0x00000000f6550000, 0x0000000100000000)
   the space 10944K,  14% used [0x00000000f5aa0000, 0x00000000f5c31ec0, 0x00000000f5c32000, 0x00000000f6550000)
 Metaspace       used 6687K, capacity 6812K, committed 6912K, reserved 1056768K
  class space    used 703K, capacity 760K, committed 768K, reserved 1048576K
Event: 0.213 GC heap after
Heap after GC invocations=3 (full 0):
 def new generation   total 4928K, used 511K [0x00000000f0800000, 0x00000000f0d50000, 0x00000000f5aa0000)
  eden space 4416K,   0% used [0x00000000f0800000, 0x00000000f0800000, 0x00000000f0c50000)
  from space 512K,  99% used [0x00000000f0cd0000, 0x00000000f0d4fff0, 0x00000000f0d50000)
  to   space 512K,   0% used [0x00000000f0c50000, 0x00000000f0c50000, 0x00000000f0cd0000)
 tenured generation   total 10944K, used 2033K [0x00000000f5aa0000, 0x00000000f6550000, 0x0000000100000000)
   the space 10944K,  18% used [0x00000000f5aa0000, 0x00000000f5c9c440, 0x00000000f5c9c600, 0x00000000f6550000)
 Metaspace       used 6687K, capacity 6812K, committed 6912K, reserved 1056768K
  class space    used 703K, capacity 760K, committed 768K, reserved 1048576K
}
Event: 0.252 GC heap before
{Heap before GC invocations=3 (full 0):
 def new generation   total 4928K, used 4927K [0x00000000f0800000, 0x00000000f0d50000, 0x00000000f5aa0000)
  eden space 4416K, 100% used [0x00000000f0800000, 0x00000000f0c50000, 0x00000000f0c50000)
  from space 512K,  99% used [0x00000000f0cd0000, 0x00000000f0d4fff0, 0x00000000f0d50000)
  to   space 512K,   0% used [0x00000000f0c50000, 0x00000000f0c50000, 0x00000000f0cd0000)
 tenured generation   total 10944K, used 2033K [0x00000000f5aa0000, 0x00000000f6550000, 0x0000000100000000)
   the space 10944K,  18% used [0x00000000f5aa0000, 0x00000000f5c9c440, 0x00000000f5c9c600, 0x00000000f6550000)
 Metaspace       used 7550K, capacity 7708K, committed 7808K, reserved 1056768K
  class space    used 829K, capacity 888K, committed 896K, reserved 1048576K
Event: 0.253 GC heap after
Heap after GC invocations=4 (full 0):
 def new generation   total 4928K, used 511K [0x00000000f0800000, 0x00000000f0d50000, 0x00000000f5aa0000)
  eden space 4416K,   0% used [0x00000000f0800000, 0x00000000f0800000, 0x00000000f0c50000)
  from space 512K,  99% used [0x00000000f0c50000, 0x00000000f0ccfff0, 0x00000000f0cd0000)
  to   space 512K,   0% used [0x00000000f0cd0000, 0x00000000f0cd0000, 0x00000000f0d50000)
 tenured generation   total 10944K, used 2337K [0x00000000f5aa0000, 0x00000000f6550000, 0x0000000100000000)
   the space 10944K,  21% used [0x00000000f5aa0000, 0x00000000f5ce86a0, 0x00000000f5ce8800, 0x00000000f6550000)
 Metaspace       used 7550K, capacity 7708K, committed 7808K, reserved 1056768K
  class space    used 829K, capacity 888K, committed 896K, reserved 1048576K
}
Event: 0.298 GC heap before
{Heap before GC invocations=4 (full 0):
 def new generation   total 4928K, used 4927K [0x00000000f0800000, 0x00000000f0d50000, 0x00000000f5aa0000)
  eden space 4416K, 100% used [0x00000000f0800000, 0x00000000f0c50000, 0x00000000f0c50000)
  from space 512K,  99% used [0x00000000f0c50000, 0x00000000f0ccfff0, 0x00000000f0cd0000)
  to   space 512K,   0% used [0x00000000f0cd0000, 0x00000000f0cd0000, 0x00000000f0d50000)
 tenured generation   total 10944K, used 2337K [0x00000000f5aa0000, 0x00000000f6550000, 0x0000000100000000)
   the space 10944K,  21% used [0x00000000f5aa0000, 0x00000000f5ce86a0, 0x00000000f5ce8800, 0x00000000f6550000)
 Metaspace       used 8057K, capacity 8252K, committed 8448K, reserved 1056768K
  class space    used 906K, capacity 984K, committed 1024K, reserved 1048576K
Event: 0.299 GC heap after
Heap after GC invocations=5 (full 0):
 def new generation   total 4928K, used 512K [0x00000000f0800000, 0x00000000f0d50000, 0x00000000f5aa0000)
  eden space 4416K,   0% used [0x00000000f0800000, 0x00000000f0800000, 0x00000000f0c50000)
  from space 512K, 100% used [0x00000000f0cd0000, 0x00000000f0d50000, 0x00000000f0d50000)
  to   space 512K,   0% used [0x00000000f0c50000, 0x00000000f0c50000, 0x00000000f0cd0000)
 tenured generation   total 10944K, used 2554K [0x00000000f5aa0000, 0x00000000f6550000, 0x0000000100000000)
   the space 10944K,  23% used [0x00000000f5aa0000, 0x00000000f5d1e8e8, 0x00000000f5d1ea00, 0x00000000f6550000)
 Metaspace       used 8057K, capacity 8252K, committed 8448K, reserved 1056768K
  class space    used 906K, capacity 984K, committed 1024K, reserved 1048576K
}
Event: 0.317 GC heap before
{Heap before GC invocations=5 (full 0):
 def new generation   total 4928K, used 4928K [0x00000000f0800000, 0x00000000f0d50000, 0x00000000f5aa0000)
  eden space 4416K, 100% used [0x00000000f0800000, 0x00000000f0c50000, 0x00000000f0c50000)
  from space 512K, 100% used [0x00000000f0cd0000, 0x00000000f0d50000, 0x00000000f0d50000)
  to   space 512K,   0% used [0x00000000f0c50000, 0x00000000f0c50000, 0x00000000f0cd0000)
 tenured generation   total 10944K, used 2554K [0x00000000f5aa0000, 0x00000000f6550000, 0x0000000100000000)
   the space 10944K,  23% used [0x00000000f5aa0000, 0x00000000f5d1e8e8, 0x00000000f5d1ea00, 0x00000000f6550000)
 Metaspace       used 8223K, capacity 8380K, committed 8448K, reserved 1056768K
  class space    used 929K, capacity 984K, committed 1024K, reserved 1048576K
Event: 0.318 GC heap after
Heap after GC invocations=6 (full 0):
 def new generation   total 4928K, used 297K [0x00000000f0800000, 0x00000000f0d50000, 0x00000000f5aa0000)
  eden space 4416K,   0% used [0x00000000f0800000, 0x00000000f0800000, 0x00000000f0c50000)
  from space 512K,  58% used [0x00000000f0c50000, 0x00000000f0c9a428, 0x00000000f0cd0000)
  to   space 512K,   0% used [0x00000000f0cd0000, 0x00000000f0cd0000, 0x00000000f0d50000)
 tenured generation   total 10944K, used 2829K [0x00000000f5aa0000, 0x00000000f6550000, 0x0000000100000000)
   the space 10944K,  25% used [0x00000000f5aa0000, 0x00000000f5d63638, 0x00000000f5d63800, 0x00000000f6550000)
 Metaspace       used 8223K, capacity 8380K, committed 8448K, reserved 1056768K
  class space    used 929K, capacity 984K, committed 1024K, reserved 1048576K
}
Event: 0.335 GC heap before
{Heap before GC invocations=6 (full 0):
 def new generation   total 4928K, used 4713K [0x00000000f0800000, 0x00000000f0d50000, 0x00000000f5aa0000)
  eden space 4416K, 100% used [0x00000000f0800000, 0x00000000f0c50000, 0x00000000f0c50000)
  from space 512K,  58% used [0x00000000f0c50000, 0x00000000f0c9a428, 0x00000000f0cd0000)
  to   space 512K,   0% used [0x00000000f0cd0000, 0x00000000f0cd0000, 0x00000000f0d50000)
 tenured generation   total 10944K, used 2829K [0x00000000f5aa0000, 0x00000000f6550000, 0x0000000100000000)
   the space 10944K,  25% used [0x00000000f5aa0000, 0x00000000f5d63638, 0x00000000f5d63800, 0x00000000f6550000)
 Metaspace       used 8308K, capacity 8476K, committed 8704K, reserved 1056768K
  class space    used 957K, capacity 1016K, committed 1024K, reserved 1048576K
Event: 0.336 GC heap after
Heap after GC invocations=7 (full 0):
 def new generation   total 4928K, used 292K [0x00000000f0800000, 0x00000000f0d50000, 0x00000000f5aa0000)
  eden space 4416K,   0% used [0x00000000f0800000, 0x00000000f0800000, 0x00000000f0c50000)
  from space 512K,  57% used [0x00000000f0cd0000, 0x00000000f0d19150, 0x00000000f0d50000)
  to   space 512K,   0% used [0x00000000f0c50000, 0x00000000f0c50000, 0x00000000f0cd0000)
 tenured generation   total 10944K, used 2949K [0x00000000f5aa0000, 0x00000000f6550000, 0x0000000100000000)
   the space 10944K,  26% used [0x00000000f5aa0000, 0x00000000f5d81640, 0x00000000f5d81800, 0x00000000f6550000)
 Metaspace       used 8308K, capacity 8476K, committed 8704K, reserved 1056768K
  class space    used 957K, capacity 1016K, committed 1024K, reserved 1048576K
}
Event: 0.388 GC heap before
{Heap before GC invocations=7 (full 0):
 def new generation   total 4928K, used 4708K [0x00000000f0800000, 0x00000000f0d50000, 0x00000000f5aa0000)
  eden space 4416K, 100% used [0x00000000f0800000, 0x00000000f0c50000, 0x00000000f0c50000)
  from space 512K,  57% used [0x00000000f0cd0000, 0x00000000f0d19150, 0x00000000f0d50000)
  to   space 512K,   0% used [0x00000000f0c50000, 0x00000000f0c50000, 0x00000000f0cd0000)
 tenured generation   total 10944K, used 2949K [0x00000000f5aa0000, 0x00000000f6550000, 0x0000000100000000)
   the space 10944K,  26% used [0x00000000f5aa0000, 0x00000000f5d81640, 0x00000000f5d81800, 0x00000000f6550000)
 Metaspace       used 8716K, capacity 8860K, committed 9088K, reserved 1056768K
  class space    used 1004K, capacity 1080K, committed 1152K, reserved 1048576K
Event: 0.390 GC heap after
Heap after GC invocations=8 (full 0):
 def new generation   total 4928K, used 511K [0x00000000f0800000, 0x00000000f0d50000, 0x00000000f5aa0000)
  eden space 4416K,   0% used [0x00000000f0800000, 0x00000000f0800000, 0x00000000f0c50000)
  from space 512K,  99% used [0x00000000f0c50000, 0x00000000f0ccfff0, 0x00000000f0cd0000)
  to   space 512K,   0% used [0x00000000f0cd0000, 0x00000000f0cd0000, 0x00000000f0d50000)
 tenured generation   total 10944K, used 3191K [0x00000000f5aa0000, 0x00000000f6550000, 0x0000000100000000)
   the space 10944K,  29% used [0x00000000f5aa0000, 0x00000000f5dbdc68, 0x00000000f5dbde00, 0x00000000f6550000)
 Metaspace       used 8716K, capacity 8860K, committed 9088K, reserved 1056768K
  class space    used 1004K, capacity 1080K, committed 1152K, reserved 1048576K
}
Event: 0.411 GC heap before
{Heap before GC invocations=8 (full 0):
 def new generation   total 4928K, used 4927K [0x00000000f0800000, 0x00000000f0d50000, 0x00000000f5aa0000)
  eden space 4416K, 100% used [0x00000000f0800000, 0x00000000f0c50000, 0x00000000f0c50000)
  from space 512K,  99% used [0x00000000f0c50000, 0x00000000f0ccfff0, 0x00000000f0cd0000)
  to   space 512K,   0% used [0x00000000f0cd0000, 0x00000000f0cd0000, 0x00000000f0d50000)
 tenured generation   total 10944K, used 3191K [0x00000000f5aa0000, 0x00000000f6550000, 0x0000000100000000)
   the space 10944K,  29% used [0x00000000f5aa0000, 0x00000000f5dbdc68, 0x00000000f5dbde00, 0x00000000f6550000)
 Metaspace       used 9142K, capacity 9282K, committed 9344K, reserved 1056768K
  class space    used 1045K, capacity 1113K, committed 1152K, reserved 1048576K
Event: 0.412 GC heap after
Heap after GC invocations=9 (full 0):
 def new generation   total 4928K, used 511K [0x00000000f0800000, 0x00000000f0d50000, 0x00000000f5aa0000)
  eden space 4416K,   0% used [0x00000000f0800000, 0x00000000f0800000, 0x00000000f0c50000)
  from space 512K,  99% used [0x00000000f0cd0000, 0x00000000f0d4fff0, 0x00000000f0d50000)
  to   space 512K,   0% used [0x00000000f0c50000, 0x00000000f0c50000, 0x00000000f0cd0000)
 tenured generation   total 10944K, used 3658K [0x00000000f5aa0000, 0x00000000f6550000, 0x0000000100000000)
   the space 10944K,  33% used [0x00000000f5aa0000, 0x00000000f5e328e8, 0x00000000f5e32a00, 0x00000000f6550000)
 Metaspace       used 9142K, capacity 9282K, committed 9344K, reserved 1056768K
  class space    used 1045K, capacity 1113K, committed 1152K, reserved 1048576K
}
Event: 0.441 GC heap before
{Heap before GC invocations=9 (full 0):
 def new generation   total 4928K, used 4927K [0x00000000f0800000, 0x00000000f0d50000, 0x00000000f5aa0000)
  eden space 4416K, 100% used [0x00000000f0800000, 0x00000000f0c50000, 0x00000000f0c50000)
  from space 512K,  99% used [0x00000000f0cd0000, 0x00000000f0d4fff0, 0x00000000f0d50000)
  to   space 512K,   0% used [0x00000000f0c50000, 0x00000000f0c50000, 0x00000000f0cd0000)
 tenured generation   total 10944K, used 3658K [0x00000000f5aa0000, 0x00000000f6550000, 0x0000000100000000)
   the space 10944K,  33% used [0x00000000f5aa0000, 0x00000000f5e328e8, 0x00000000f5e32a00, 0x00000000f6550000)
 Metaspace       used 9791K, capacity 9936K, committed 10240K, reserved 1058816K
  class space    used 1123K, capacity 1182K, committed 1280K, reserved 1048576K
Event: 0.443 GC heap after
Heap after GC invocations=10 (full 0):
 def new generation   total 4928K, used 511K [0x00000000f0800000, 0x00000000f0d50000, 0x00000000f5aa0000)
  eden space 4416K,   0% used [0x00000000f0800000, 0x00000000f0800000, 0x00000000f0c50000)
  from space 512K,  99% used [0x00000000f0c50000, 0x00000000f0ccfff8, 0x00000000f0cd0000)
  to   space 512K,   0% used [0x00000000f0cd0000, 0x00000000f0cd0000, 0x00000000f0d50000)
 tenured generation   total 10944K, used 3886K [0x00000000f5aa0000, 0x00000000f6550000, 0x0000000100000000)
   the space 10944K,  35% used [0x00000000f5aa0000, 0x00000000f5e6b9d8, 0x00000000f5e6ba00, 0x00000000f6550000)
 Metaspace       used 9791K, capacity 9936K, committed 10240K, reserved 1058816K
  class space    used 1123K, capacity 1182K, committed 1280K, reserved 1048576K
}
Event: 0.477 GC heap before
{Heap before GC invocations=10 (full 0):
 def new generation   total 4928K, used 4927K [0x00000000f0800000, 0x00000000f0d50000, 0x00000000f5aa0000)
  eden space 4416K, 100% used [0x00000000f0800000, 0x00000000f0c50000, 0x00000000f0c50000)
  from space 512K,  99% used [0x00000000f0c50000, 0x00000000f0ccfff8, 0x00000000f0cd0000)
  to   space 512K,   0% used [0x00000000f0cd0000, 0x00000000f0cd0000, 0x00000000f0d50000)
 tenured generation   total 10944K, used 3886K [0x00000000f5aa0000, 0x00000000f6550000, 0x0000000100000000)
   the space 10944K,  35% used [0x00000000f5aa0000, 0x00000000f5e6b9d8, 0x00000000f5e6ba00, 0x00000000f6550000)
 Metaspace       used 10306K, capacity 10456K, committed 10496K, reserved 1058816K
  class space    used 1193K, capacity 1249K, committed 1280K, reserved 1048576K
Event: 0.478 GC heap after
Heap after GC invocations=11 (full 0):
 def new generation   total 4928K, used 511K [0x00000000f0800000, 0x00000000f0d50000, 0x00000000f5aa0000)
  eden space 4416K,   0% used [0x00000000f0800000, 0x00000000f0800000, 0x00000000f0c50000)
  from space 512K,  99% used [0x00000000f0cd0000, 0x00000000f0d4fff0, 0x00000000f0d50000)
  to   space 512K,   0% used [0x00000000f0c50000, 0x00000000f0c50000, 0x00000000f0cd0000)
 tenured generation   total 10944K, used 4190K [0x00000000f5aa0000, 0x00000000f6550000, 0x0000000100000000)
   the space 10944K,  38% used [0x00000000f5aa0000, 0x00000000f5eb7b90, 0x00000000f5eb7c00, 0x00000000f6550000)
 Metaspace       used 10306K, capacity 10456K, committed 10496K, reserved 1058816K
  class space    used 1193K, capacity 1249K, committed 1280K, reserved 1048576K
}
Event: 0.509 GC heap before
{Heap before GC invocations=11 (full 0):
 def new generation   total 4928K, used 4927K [0x00000000f0800000, 0x00000000f0d50000, 0x00000000f5aa0000)
  eden space 4416K, 100% used [0x00000000f0800000, 0x00000000f0c50000, 0x00000000f0c50000)
  from space 512K,  99% used [0x00000000f0cd0000, 0x00000000f0d4fff0, 0x00000000f0d50000)
  to   space 512K,   0% used [0x00000000f0c50000, 0x00000000f0c50000, 0x00000000f0cd0000)
 tenured generation   total 10944K, used 4190K [0x00000000f5aa0000, 0x00000000f6550000, 0x0000000100000000)
   the space 10944K,  38% used [0x00000000f5aa0000, 0x00000000f5eb7b90, 0x00000000f5eb7c00, 0x00000000f6550000)
 Metaspace       used 10899K, capacity 11034K, committed 11136K, reserved 1058816K
  class space    used 1264K, capacity 1315K, committed 1408K, reserved 1048576K
Event: 0.511 GC heap after
Heap after GC invocations=12 (full 0):
 def new generation   total 4928K, used 512K [0x00000000f0800000, 0x00000000f0d50000, 0x00000000f5aa0000)
  eden space 4416K,   0% used [0x00000000f0800000, 0x00000000f0800000, 0x00000000f0c50000)
  from space 512K, 100% used [0x00000000f0c50000, 0x00000000f0cd0000, 0x00000000f0cd0000)
  to   space 512K,   0% used [0x00000000f0cd0000, 0x00000000f0cd0000, 0x00000000f0d50000)
 tenured generation   total 10944K, used 4626K [0x00000000f5aa0000, 0x00000000f6550000, 0x0000000100000000)
   the space 10944K,  42% used [0x00000000f5aa0000, 0x00000000f5f24960, 0x00000000f5f24a00, 0x00000000f6550000)
 Metaspace       used 10899K, capacity 11034K, committed 11136K, reserved 1058816K
  class space    used 1264K, capacity 1315K, committed 1408K, reserved 1048576K
}
Event: 0.541 GC heap before
{Heap before GC invocations=12 (full 0):
 def new generation   total 4928K, used 4928K [0x00000000f0800000, 0x00000000f0d50000, 0x00000000f5aa0000)
  eden space 4416K, 100% used [0x00000000f0800000, 0x00000000f0c50000, 0x00000000f0c50000)
  from space 512K, 100% used [0x00000000f0c50000, 0x00000000f0cd0000, 0x00000000f0cd0000)
  to   space 512K,   0% used [0x00000000f0cd0000, 0x00000000f0cd0000, 0x00000000f0d50000)
 tenured generation   total 10944K, used 4626K [0x00000000f5aa0000, 0x00000000f6550000, 0x0000000100000000)
   the space 10944K,  42% used [0x00000000f5aa0000, 0x00000000f5f24960, 0x00000000f5f24a00, 0x00000000f6550000)
 Metaspace       used 11407K, capacity 11518K, committed 11776K, reserved 1058816K
  class space    used 1337K, capacity 1411K, committed 1536K, reserved 1048576K
Event: 0.543 GC heap after
Heap after GC invocations=13 (full 0):
 def new generation   total 4928K, used 512K [0x00000000f0800000, 0x00000000f0d50000, 0x00000000f5aa0000)
  eden space 4416K,   0% used [0x00000000f0800000, 0x00000000f0800000, 0x00000000f0c50000)
  from space 512K, 100% used [0x00000000f0cd0000, 0x00000000f0d50000, 0x00000000f0d50000)
  to   space 512K,   0% used [0x00000000f0c50000, 0x00000000f0c50000, 0x00000000f0cd0000)
 tenured generation   total 10944K, used 5027K [0x00000000f5aa0000, 0x00000000f6550000, 0x0000000100000000)
   the space 10944K,  45% used [0x00000000f5aa0000, 0x00000000f5f88e00, 0x00000000f5f88e00, 0x00000000f6550000)
 Metaspace       used 11407K, capacity 11518K, committed 11776K, reserved 1058816K
  class space    used 1337K, capacity 1411K, committed 1536K, reserved 1048576K
}
Event: 0.576 GC heap before
{Heap before GC invocations=13 (full 0):
 def new generation   total 4928K, used 4928K [0x00000000f0800000, 0x00000000f0d50000, 0x00000000f5aa0000)
  eden space 4416K, 100% used [0x00000000f0800000, 0x00000000f0c50000, 0x00000000f0c50000)
  from space 512K, 100% used [0x00000000f0cd0000, 0x00000000f0d50000, 0x00000000f0d50000)
  to   space 512K,   0% used [0x00000000f0c50000, 0x00000000f0c50000, 0x00000000f0cd0000)
 tenured generation   total 10944K, used 5027K [0x00000000f5aa0000, 0x00000000f6550000, 0x0000000100000000)
   the space 10944K,  45% used [0x00000000f5aa0000, 0x00000000f5f88e00, 0x00000000f5f88e00, 0x00000000f6550000)
 Metaspace       used 11915K, capacity 12104K, committed 12288K, reserved 1060864K
  class space    used 1405K, capacity 1476K, committed 1536K, reserved 1048576K
Event: 0.577 GC heap after
Heap after GC invocations=14 (full 0):
 def new generation   total 4928K, used 511K [0x00000000f0800000, 0x00000000f0d50000, 0x00000000f5aa0000)
  eden space 4416K,   0% used [0x00000000f0800000, 0x00000000f0800000, 0x00000000f0c50000)
  from space 512K,  99% used [0x00000000f0c50000, 0x00000000f0ccfff8, 0x00000000f0cd0000)
  to   space 512K,   0% used [0x00000000f0cd0000, 0x00000000f0cd0000, 0x00000000f0d50000)
 tenured generation   total 10944K, used 5499K [0x00000000f5aa0000, 0x00000000f6550000, 0x0000000100000000)
   the space 10944K,  50% used [0x00000000f5aa0000, 0x00000000f5ffefc0, 0x00000000f5fff000, 0x00000000f6550000)
 Metaspace       used 11915K, capacity 12104K, committed 12288K, reserved 1060864K
  class space    used 1405K, capacity 1476K, committed 1536K, reserved 1048576K
}
Event: 0.618 GC heap before
{Heap before GC invocations=14 (full 0):
 def new generation   total 4928K, used 4927K [0x00000000f0800000, 0x00000000f0d50000, 0x00000000f5aa0000)
  eden space 4416K, 100% used [0x00000000f0800000, 0x00000000f0c50000, 0x00000000f0c50000)
  from space 512K,  99% used [0x00000000f0c50000, 0x00000000f0ccfff8, 0x00000000f0cd0000)
  to   space 512K,   0% used [0x00000000f0cd0000, 0x00000000f0cd0000, 0x00000000f0d50000)
 tenured generation   total 10944K, used 5499K [0x00000000f5aa0000, 0x00000000f6550000, 0x0000000100000000)
   the space 10944K,  50% used [0x00000000f5aa0000, 0x00000000f5ffefc0, 0x00000000f5fff000, 0x00000000f6550000)
 Metaspace       used 12358K, capacity 12494K, committed 12672K, reserved 1060864K
  class space    used 1467K, capacity 1541K, committed 1664K, reserved 1048576K
Event: 0.620 GC heap after
Heap after GC invocations=15 (full 0):
 def new generation   total 4928K, used 511K [0x00000000f0800000, 0x00000000f0d50000, 0x00000000f5aa0000)
  eden space 4416K,   0% used [0x00000000f0800000, 0x00000000f0800000, 0x00000000f0c50000)
  from space 512K,  99% used [0x00000000f0cd0000, 0x00000000f0d4fff0, 0x00000000f0d50000)
  to   space 512K,   0% used [0x00000000f0c50000, 0x00000000f0c50000, 0x00000000f0cd0000)
 tenured generation   total 10944K, used 6063K [0x00000000f5aa0000, 0x00000000f6550000, 0x0000000100000000)
   the space 10944K,  55% used [0x00000000f5aa0000, 0x00000000f608bc58, 0x00000000f608be00, 0x00000000f6550000)
 Metaspace       used 12358K, capacity 12494K, committed 12672K, reserved 1060864K
  class space    used 1467K, capacity 1541K, committed 1664K, reserved 1048576K
}
Event: 0.662 GC heap before
{Heap before GC invocations=15 (full 0):
 def new generation   total 4928K, used 4927K [0x00000000f0800000, 0x00000000f0d50000, 0x00000000f5aa0000)
  eden space 4416K, 100% used [0x00000000f0800000, 0x00000000f0c50000, 0x00000000f0c50000)
  from space 512K,  99% used [0x00000000f0cd0000, 0x00000000f0d4fff0, 0x00000000f0d50000)
  to   space 512K,   0% used [0x00000000f0c50000, 0x00000000f0c50000, 0x00000000f0cd0000)
 tenured generation   total 10944K, used 6063K [0x00000000f5aa0000, 0x00000000f6550000, 0x0000000100000000)
   the space 10944K,  55% used [0x00000000f5aa0000, 0x00000000f608bc58, 0x00000000f608be00, 0x00000000f6550000)
 Metaspace       used 12868K, capacity 13012K, committed 13184K, reserved 1060864K
  class space    used 1549K, capacity 1606K, committed 1664K, reserved 1048576K
Event: 0.664 GC heap after
Heap after GC invocations=16 (full 0):
 def new generation   total 4928K, used 511K [0x00000000f0800000, 0x00000000f0d50000, 0x00000000f5aa0000)
  eden space 4416K,   0% used [0x00000000f0800000, 0x00000000f0800000, 0x00000000f0c50000)
  from space 512K,  99% used [0x00000000f0c50000, 0x00000000f0ccff30, 0x00000000f0cd0000)
  to   space 512K,   0% used [0x00000000f0cd0000, 0x00000000f0cd0000, 0x00000000f0d50000)
 tenured generation   total 10944K, used 6462K [0x00000000f5aa0000, 0x00000000f6550000, 0x0000000100000000)
   the space 10944K,  59% used [0x00000000f5aa0000, 0x00000000f60efa80, 0x00000000f60efc00, 0x00000000f6550000)
 Metaspace       used 12868K, capacity 13012K, committed 13184K, reserved 1060864K
  class space    used 1549K, capacity 1606K, committed 1664K, reserved 1048576K
}
Event: 0.734 GC heap before
{Heap before GC invocations=16 (full 0):
 def new generation   total 4928K, used 4927K [0x00000000f0800000, 0x00000000f0d50000, 0x00000000f5aa0000)
  eden space 4416K, 100% used [0x00000000f0800000, 0x00000000f0c50000, 0x00000000f0c50000)
  from space 512K,  99% used [0x00000000f0c50000, 0x00000000f0ccff30, 0x00000000f0cd0000)
  to   space 512K,   0% used [0x00000000f0cd0000, 0x00000000f0cd0000, 0x00000000f0d50000)
 tenured generation   total 10944K, used 6462K [0x00000000f5aa0000, 0x00000000f6550000, 0x0000000100000000)
   the space 10944K,  59% used [0x00000000f5aa0000, 0x00000000f60efa80, 0x00000000f60efc00, 0x00000000f6550000)
 Metaspace       used 13767K, capacity 13962K, committed 14080K, reserved 1060864K
  class space    used 1632K, capacity 1743K, committed 1792K, reserved 1048576K
Event: 0.736 GC heap after
Heap after GC invocations=17 (full 0):
 def new generation   total 4928K, used 512K [0x00000000f0800000, 0x00000000f0d50000, 0x00000000f5aa0000)
  eden space 4416K,   0% used [0x00000000f0800000, 0x00000000f0800000, 0x00000000f0c50000)
  from space 512K, 100% used [0x00000000f0cd0000, 0x00000000f0d50000, 0x00000000f0d50000)
  to   space 512K,   0% used [0x00000000f0c50000, 0x00000000f0c50000, 0x00000000f0cd0000)
 tenured generation   total 10944K, used 6831K [0x00000000f5aa0000, 0x00000000f6550000, 0x0000000100000000)
   the space 10944K,  62% used [0x00000000f5aa0000, 0x00000000f614bd20, 0x00000000f614be00, 0x00000000f6550000)
 Metaspace       used 13767K, capacity 13962K, committed 14080K, reserved 1060864K
  class space    used 1632K, capacity 1743K, committed 1792K, reserved 1048576K
}
Event: 0.791 GC heap before
{Heap before GC invocations=17 (full 0):
 def new generation   total 4928K, used 4928K [0x00000000f0800000, 0x00000000f0d50000, 0x00000000f5aa0000)
  eden space 4416K, 100% used [0x00000000f0800000, 0x00000000f0c50000, 0x00000000f0c50000)
  from space 512K, 100% used [0x00000000f0cd0000, 0x00000000f0d50000, 0x00000000f0d50000)
  to   space 512K,   0% used [0x00000000f0c50000, 0x00000000f0c50000, 0x00000000f0cd0000)
 tenured generation   total 10944K, used 6831K [0x00000000f5aa0000, 0x00000000f6550000, 0x0000000100000000)
   the space 10944K,  62% used [0x00000000f5aa0000, 0x00000000f614bd20, 0x00000000f614be00, 0x00000000f6550000)
 Metaspace       used 14472K, capacity 14666K, committed 14976K, reserved 1062912K
  class space    used 1708K, capacity 1807K, committed 1920K, reserved 1048576K
Event: 0.794 GC heap after
Heap after GC invocations=18 (full 0):
 def new generation   total 4928K, used 512K [0x00000000f0800000, 0x00000000f0d50000, 0x00000000f5aa0000)
  eden space 4416K,   0% used [0x00000000f0800000, 0x00000000f0800000, 0x00000000f0c50000)
  from space 512K, 100% used [0x00000000f0c50000, 0x00000000f0cd0000, 0x00000000f0cd0000)
  to   space 512K,   0% used [0x00000000f0cd0000, 0x00000000f0cd0000, 0x00000000f0d50000)
 tenured generation   total 10944K, used 7457K [0x00000000f5aa0000, 0x00000000f6550000, 0x0000000100000000)
   the space 10944K,  68% used [0x00000000f5aa0000, 0x00000000f61e8440, 0x00000000f61e8600, 0x00000000f6550000)
 Metaspace       used 14472K, capacity 14666K, committed 14976K, reserved 1062912K
  class space    used 1708K, capacity 1807K, committed 1920K, reserved 1048576K
}
Event: 0.904 GC heap before
{Heap before GC invocations=18 (full 0):
 def new generation   total 4928K, used 4928K [0x00000000f0800000, 0x00000000f0d50000, 0x00000000f5aa0000)
  eden space 4416K, 100% used [0x00000000f0800000, 0x00000000f0c50000, 0x00000000f0c50000)
  from space 512K, 100% used [0x00000000f0c50000, 0x00000000f0cd0000, 0x00000000f0cd0000)
  to   space 512K,   0% used [0x00000000f0cd0000, 0x00000000f0cd0000, 0x00000000f0d50000)
 tenured generation   total 10944K, used 7457K [0x00000000f5aa0000, 0x00000000f6550000, 0x0000000100000000)
   the space 10944K,  68% used [0x00000000f5aa0000, 0x00000000f61e8440, 0x00000000f61e8600, 0x00000000f6550000)
 Metaspace       used 15928K, capacity 16162K, committed 16384K, reserved 1062912K
  class space    used 1861K, capacity 1943K, committed 2048K, reserved 1048576K
Event: 0.908 GC heap after
Heap after GC invocations=19 (full 0):
 def new generation   total 4928K, used 511K [0x00000000f0800000, 0x00000000f0d50000, 0x00000000f5aa0000)
  eden space 4416K,   0% used [0x00000000f0800000, 0x00000000f0800000, 0x00000000f0c50000)
  from space 512K,  99% used [0x00000000f0cd0000, 0x00000000f0d4fff8, 0x00000000f0d50000)
  to   space 512K,   0% used [0x00000000f0c50000, 0x00000000f0c50000, 0x00000000f0cd0000)
 tenured generation   total 10944K, used 7875K [0x00000000f5aa0000, 0x00000000f6550000, 0x0000000100000000)
   the space 10944K,  71% used [0x00000000f5aa0000, 0x00000000f6250fb0, 0x00000000f6251000, 0x00000000f6550000)
 Metaspace       used 15928K, capacity 16162K, committed 16384K, reserved 1062912K
  class space    used 1861K, capacity 1943K, committed 2048K, reserved 1048576K
}
Event: 0.976 GC heap before
{Heap before GC invocations=19 (full 0):
 def new generation   total 4928K, used 4927K [0x00000000f0800000, 0x00000000f0d50000, 0x00000000f5aa0000)
  eden space 4416K, 100% used [0x00000000f0800000, 0x00000000f0c50000, 0x00000000f0c50000)
  from space 512K,  99% used [0x00000000f0cd0000, 0x00000000f0d4fff8, 0x00000000f0d50000)
  to   space 512K,   0% used [0x00000000f0c50000, 0x00000000f0c50000, 0x00000000f0cd0000)
 tenured generation   total 10944K, used 7875K [0x00000000f5aa0000, 0x00000000f6550000, 0x0000000100000000)
   the space 10944K,  71% used [0x00000000f5aa0000, 0x00000000f6250fb0, 0x00000000f6251000, 0x00000000f6550000)
 Metaspace       used 16719K, capacity 16998K, committed 17152K, reserved 1064960K
  class space    used 1927K, capacity 2045K, committed 2048K, reserved 1048576K
Event: 0.979 GC heap after
Heap after GC invocations=20 (full 0):
 def new generation   total 4928K, used 511K [0x00000000f0800000, 0x00000000f0d50000, 0x00000000f5aa0000)
  eden space 4416K,   0% used [0x00000000f0800000, 0x00000000f0800000, 0x00000000f0c50000)
  from space 512K,  99% used [0x00000000f0c50000, 0x00000000f0ccfff8, 0x00000000f0cd0000)
  to   space 512K,   0% used [0x00000000f0cd0000, 0x00000000f0cd0000, 0x00000000f0d50000)
 tenured generation   total 10944K, used 8564K [0x00000000f5aa0000, 0x00000000f6550000, 0x0000000100000000)
   the space 10944K,  78% used [0x00000000f5aa0000, 0x00000000f62fd3b0, 0x00000000f62fd400, 0x00000000f6550000)
 Metaspace       used 16719K, capacity 16998K, committed 17152K, reserved 1064960K
  class space    used 1927K, capacity 2045K, committed 2048K, reserved 1048576K
}
Event: 1.005 GC heap before
{Heap before GC invocations=20 (full 0):
 def new generation   total 4928K, used 4927K [0x00000000f0800000, 0x00000000f0d50000, 0x00000000f5aa0000)
  eden space 4416K, 100% used [0x00000000f0800000, 0x00000000f0c50000, 0x00000000f0c50000)
  from space 512K,  99% used [0x00000000f0c50000, 0x00000000f0ccfff8, 0x00000000f0cd0000)
  to   space 512K,   0% used [0x00000000f0cd0000, 0x00000000f0cd0000, 0x00000000f0d50000)
 tenured generation   total 10944K, used 8564K [0x00000000f5aa0000, 0x00000000f6550000, 0x0000000100000000)
   the space 10944K,  78% used [0x00000000f5aa0000, 0x00000000f62fd3b0, 0x00000000f62fd400, 0x00000000f6550000)
 Metaspace       used 16999K, capacity 17228K, committed 17536K, reserved 1064960K
  class space    used 1972K, capacity 2078K, committed 2176K, reserved 1048576K
Event: 1.007 GC heap after
Heap after GC invocations=21 (full 0):
 def new generation   total 4928K, used 511K [0x00000000f0800000, 0x00000000f0d50000, 0x00000000f5aa0000)
  eden space 4416K,   0% used [0x00000000f0800000, 0x00000000f0800000, 0x00000000f0c50000)
  from space 512K,  99% used [0x00000000f0cd0000, 0x00000000f0d4ff58, 0x00000000f0d50000)
  to   space 512K,   0% used [0x00000000f0c50000, 0x00000000f0c50000, 0x00000000f0cd0000)
 tenured generation   total 10944K, used 8937K [0x00000000f5aa0000, 0x00000000f6550000, 0x0000000100000000)
   the space 10944K,  81% used [0x00000000f5aa0000, 0x00000000f635a5d8, 0x00000000f635a600, 0x00000000f6550000)
 Metaspace       used 16999K, capacity 17228K, committed 17536K, reserved 1064960K
  class space    used 1972K, capacity 2078K, committed 2176K, reserved 1048576K
}
Event: 1.047 GC heap before
{Heap before GC invocations=21 (full 0):
 def new generation   total 4928K, used 4927K [0x00000000f0800000, 0x00000000f0d50000, 0x00000000f5aa0000)
  eden space 4416K, 100% used [0x00000000f0800000, 0x00000000f0c50000, 0x00000000f0c50000)
  from space 512K,  99% used [0x00000000f0cd0000, 0x00000000f0d4ff58, 0x00000000f0d50000)
  to   space 512K,   0% used [0x00000000f0c50000, 0x00000000f0c50000, 0x00000000f0cd0000)
 tenured generation   total 10944K, used 8937K [0x00000000f5aa0000, 0x00000000f6550000, 0x0000000100000000)
   the space 10944K,  81% used [0x00000000f5aa0000, 0x00000000f635a5d8, 0x00000000f635a600, 0x00000000f6550000)
 Metaspace       used 17230K, capacity 17548K, committed 17792K, reserved 1064960K
  class space    used 2005K, capacity 2142K, committed 2176K, reserved 1048576K
Event: 1.050 GC heap after
Heap after GC invocations=22 (full 0):
 def new generation   total 4928K, used 512K [0x00000000f0800000, 0x00000000f0d50000, 0x00000000f5aa0000)
  eden space 4416K,   0% used [0x00000000f0800000, 0x00000000f0800000, 0x00000000f0c50000)
  from space 512K, 100% used [0x00000000f0c50000, 0x00000000f0cd0000, 0x00000000f0cd0000)
  to   space 512K,   0% used [0x00000000f0cd0000, 0x00000000f0cd0000, 0x00000000f0d50000)
 tenured generation   total 10944K, used 9927K [0x00000000f5aa0000, 0x00000000f6550000, 0x0000000100000000)
   the space 10944K,  90% used [0x00000000f5aa0000, 0x00000000f6451f68, 0x00000000f6452000, 0x00000000f6550000)
 Metaspace       used 17230K, capacity 17548K, committed 17792K, reserved 1064960K
  class space    used 2005K, capacity 2142K, committed 2176K, reserved 1048576K
}
Event: 1.095 GC heap before
{Heap before GC invocations=22 (full 0):
 def new generation   total 4928K, used 4928K [0x00000000f0800000, 0x00000000f0d50000, 0x00000000f5aa0000)
  eden space 4416K, 100% used [0x00000000f0800000, 0x00000000f0c50000, 0x00000000f0c50000)
  from space 512K, 100% used [0x00000000f0c50000, 0x00000000f0cd0000, 0x00000000f0cd0000)
  to   space 512K,   0% used [0x00000000f0cd0000, 0x00000000f0cd0000, 0x00000000f0d50000)
 tenured generation   total 10944K, used 9927K [0x00000000f5aa0000, 0x00000000f6550000, 0x0000000100000000)
   the space 10944K,  90% used [0x00000000f5aa0000, 0x00000000f6451f68, 0x00000000f6452000, 0x00000000f6550000)
 Metaspace       used 17863K, capacity 18124K, committed 18432K, reserved 1064960K
  class space    used 2096K, capacity 2206K, committed 2304K, reserved 1048576K
Event: 1.098 GC heap after
Heap after GC invocations=23 (full 0):
 def new generation   total 4928K, used 468K [0x00000000f0800000, 0x00000000f0d50000, 0x00000000f5aa0000)
  eden space 4416K,   0% used [0x00000000f0800000, 0x00000000f0800000, 0x00000000f0c50000)
  from space 512K,  91% used [0x00000000f0cd0000, 0x00000000f0d45018, 0x00000000f0d50000)
  to   space 512K,   0% used [0x00000000f0c50000, 0x00000000f0c50000, 0x00000000f0cd0000)
 tenured generation   total 10944K, used 10438K [0x00000000f5aa0000, 0x00000000f6550000, 0x0000000100000000)
   the space 10944K,  95% used [0x00000000f5aa0000, 0x00000000f64d1b70, 0x00000000f64d1c00, 0x00000000f6550000)
 Metaspace       used 17863K, capacity 18124K, committed 18432K, reserved 1064960K
  class space    used 2096K, capacity 2206K, committed 2304K, reserved 1048576K
}
Event: 1.206 GC heap before
{Heap before GC invocations=23 (full 0):
 def new generation   total 4928K, used 4884K [0x00000000f0800000, 0x00000000f0d50000, 0x00000000f5aa0000)
  eden space 4416K, 100% used [0x00000000f0800000, 0x00000000f0c50000, 0x00000000f0c50000)
  from space 512K,  91% used [0x00000000f0cd0000, 0x00000000f0d45018, 0x00000000f0d50000)
  to   space 512K,   0% used [0x00000000f0c50000, 0x00000000f0c50000, 0x00000000f0cd0000)
 tenured generation   total 10944K, used 10438K [0x00000000f5aa0000, 0x00000000f6550000, 0x0000000100000000)
   the space 10944K,  95% used [0x00000000f5aa0000, 0x00000000f64d1b70, 0x00000000f64d1c00, 0x00000000f6550000)
 Metaspace       used 18830K, capacity 19084K, committed 19328K, reserved 1067008K
  class space    used 2202K, capacity 2334K, committed 2432K, reserved 1048576K
Event: 1.209 GC heap after
Heap after GC invocations=24 (full 0):
 def new generation   total 4928K, used 511K [0x00000000f0800000, 0x00000000f0d50000, 0x00000000f5aa0000)
  eden space 4416K,   0% used [0x00000000f0800000, 0x00000000f0800000, 0x00000000f0c50000)
  from space 512K,  99% used [0x00000000f0c50000, 0x00000000f0ccfff8, 0x00000000f0cd0000)
  to   space 512K,   0% used [0x00000000f0cd0000, 0x00000000f0cd0000, 0x00000000f0d50000)
 tenured generation   total 10944K, used 10789K [0x00000000f5aa0000, 0x00000000f6550000, 0x0000000100000000)
   the space 10944K,  98% used [0x00000000f5aa0000, 0x00000000f65294a0, 0x00000000f6529600, 0x00000000f6550000)
 Metaspace       used 18830K, capacity 19084K, committed 19328K, reserved 1067008K
  class space    used 2202K, capacity 2334K, committed 2432K, reserved 1048576K
}
Event: 1.328 GC heap before
{Heap before GC invocations=24 (full 0):
 def new generation   total 4928K, used 4927K [0x00000000f0800000, 0x00000000f0d50000, 0x00000000f5aa0000)
  eden space 4416K, 100% used [0x00000000f0800000, 0x00000000f0c50000, 0x00000000f0c50000)
  from space 512K,  99% used [0x00000000f0c50000, 0x00000000f0ccfff8, 0x00000000f0cd0000)
  to   space 512K,   0% used [0x00000000f0cd0000, 0x00000000f0cd0000, 0x00000000f0d50000)
 tenured generation   total 10944K, used 10789K [0x00000000f5aa0000, 0x00000000f6550000, 0x0000000100000000)
   the space 10944K,  98% used [0x00000000f5aa0000, 0x00000000f65294a0, 0x00000000f6529600, 0x00000000f6550000)
 Metaspace       used 20512K, capacity 20836K, committed 20992K, reserved 1067008K
  class space    used 2373K, capacity 2534K, committed 2560K, reserved 1048576K
Event: 1.352 GC heap after
Heap after GC invocations=25 (full 1):
 def new generation   total 6528K, used 0K [0x00000000f0800000, 0x00000000f0f10000, 0x00000000f5aa0000)
  eden space 5824K,   0% used [0x00000000f0800000, 0x00000000f0800000, 0x00000000f0db0000)
  from space 704K,   0% used [0x00000000f0db0000, 0x00000000f0db0000, 0x00000000f0e60000)
  to   space 704K,   0% used [0x00000000f0e60000, 0x00000000f0e60000, 0x00000000f0f10000)
 tenured generation   total 14336K, used 8601K [0x00000000f5aa0000, 0x00000000f68a0000, 0x0000000100000000)
   the space 14336K,  59% used [0x00000000f5aa0000, 0x00000000f6306560, 0x00000000f6306600, 0x00000000f68a0000)
 Metaspace       used 20512K, capacity 20836K, committed 20992K, reserved 1067008K
  class space    used 2373K, capacity 2534K, committed 2560K, reserved 1048576K
}
Event: 1.702 GC heap before
{Heap before GC invocations=25 (full 1):
 def new generation   total 6528K, used 5824K [0x00000000f0800000, 0x00000000f0f10000, 0x00000000f5aa0000)
  eden space 5824K, 100% used [0x00000000f0800000, 0x00000000f0db0000, 0x00000000f0db0000)
  from space 704K,   0% used [0x00000000f0db0000, 0x00000000f0db0000, 0x00000000f0e60000)
  to   space 704K,   0% used [0x00000000f0e60000, 0x00000000f0e60000, 0x00000000f0f10000)
 tenured generation   total 14336K, used 8601K [0x00000000f5aa0000, 0x00000000f68a0000, 0x0000000100000000)
   the space 14336K,  59% used [0x00000000f5aa0000, 0x00000000f6306560, 0x00000000f6306600, 0x00000000f68a0000)
 Metaspace       used 21183K, capacity 21540K, committed 21888K, reserved 1069056K
  class space    used 2442K, capacity 2598K, committed 2688K, reserved 1048576K
Event: 1.705 GC heap after
Heap after GC invocations=26 (full 1):
 def new generation   total 6528K, used 704K [0x00000000f0800000, 0x00000000f0f10000, 0x00000000f5aa0000)
  eden space 5824K,   0% used [0x00000000f0800000, 0x00000000f0800000, 0x00000000f0db0000)
  from space 704K, 100% used [0x00000000f0e60000, 0x00000000f0f10000, 0x00000000f0f10000)
  to   space 704K,   0% used [0x00000000f0db0000, 0x00000000f0db0000, 0x00000000f0e60000)
 tenured generation   total 14336K, used 8640K [0x00000000f5aa0000, 0x00000000f68a0000, 0x0000000100000000)
   the space 14336K,  60% used [0x00000000f5aa0000, 0x00000000f63101e8, 0x00000000f6310200, 0x00000000f68a0000)
 Metaspace       used 21183K, capacity 21540K, committed 21888K, reserved 1069056K
  class space    used 2442K, capacity 2598K, committed 2688K, reserved 1048576K
}
Event: 2.119 GC heap before
{Heap before GC invocations=26 (full 1):
 def new generation   total 6528K, used 6528K [0x00000000f0800000, 0x00000000f0f10000, 0x00000000f5aa0000)
  eden space 5824K, 100% used [0x00000000f0800000, 0x00000000f0db0000, 0x00000000f0db0000)
  from space 704K, 100% used [0x00000000f0e60000, 0x00000000f0f10000, 0x00000000f0f10000)
  to   space 704K,   0% used [0x00000000f0db0000, 0x00000000f0db0000, 0x00000000f0e60000)
 tenured generation   total 14336K, used 8640K [0x00000000f5aa0000, 0x00000000f68a0000, 0x0000000100000000)
   the space 14336K,  60% used [0x00000000f5aa0000, 0x00000000f63101e8, 0x00000000f6310200, 0x00000000f68a0000)
 Metaspace       used 21298K, capacity 21668K, committed 21888K, reserved 1069056K
  class space    used 2444K, capacity 2598K, committed 2688K, reserved 1048576K
Event: 2.122 GC heap after
Heap after GC invocations=27 (full 1):
 def new generation   total 6528K, used 446K [0x00000000f0800000, 0x00000000f0f10000, 0x00000000f5aa0000)
  eden space 5824K,   0% used [0x00000000f0800000, 0x00000000f0800000, 0x00000000f0db0000)
  from space 704K,  63% used [0x00000000f0db0000, 0x00000000f0e1fa38, 0x00000000f0e60000)
  to   space 704K,   0% used [0x00000000f0e60000, 0x00000000f0e60000, 0x00000000f0f10000)
 tenured generation   total 14336K, used 9027K [0x00000000f5aa0000, 0x00000000f68a0000, 0x0000000100000000)
   the space 14336K,  62% used [0x00000000f5aa0000, 0x00000000f6370e10, 0x00000000f6371000, 0x00000000f68a0000)
 Metaspace       used 21298K, capacity 21668K, committed 21888K, reserved 1069056K
  class space    used 2444K, capacity 2598K, committed 2688K, reserved 1048576K
}
Event: 2.460 GC heap before
{Heap before GC invocations=27 (full 1):
 def new generation   total 6528K, used 6270K [0x00000000f0800000, 0x00000000f0f10000, 0x00000000f5aa0000)
  eden space 5824K, 100% used [0x00000000f0800000, 0x00000000f0db0000, 0x00000000f0db0000)
  from space 704K,  63% used [0x00000000f0db0000, 0x00000000f0e1fa38, 0x00000000f0e60000)
  to   space 704K,   0% used [0x00000000f0e60000, 0x00000000f0e60000, 0x00000000f0f10000)
 tenured generation   total 14336K, used 9027K [0x00000000f5aa0000, 0x00000000f68a0000, 0x0000000100000000)
   the space 14336K,  62% used [0x00000000f5aa0000, 0x00000000f6370e10, 0x00000000f6371000, 0x00000000f68a0000)
 Metaspace       used 21421K, capacity 21838K, committed 22144K, reserved 1069056K
  class space    used 2448K, capacity 2605K, committed 2688K, reserved 1048576K
Event: 2.463 GC heap after
Heap after GC invocations=28 (full 1):
 def new generation   total 6528K, used 530K [0x00000000f0800000, 0x00000000f0f10000, 0x00000000f5aa0000)
  eden space 5824K,   0% used [0x00000000f0800000, 0x00000000f0800000, 0x00000000f0db0000)
  from space 704K,  75% used [0x00000000f0e60000, 0x00000000f0ee4838, 0x00000000f0f10000)
  to   space 704K,   0% used [0x00000000f0db0000, 0x00000000f0db0000, 0x00000000f0e60000)
 tenured generation   total 14336K, used 9287K [0x00000000f5aa0000, 0x00000000f68a0000, 0x0000000100000000)
   the space 14336K,  64% used [0x00000000f5aa0000, 0x00000000f63b1d80, 0x00000000f63b1e00, 0x00000000f68a0000)
 Metaspace       used 21421K, capacity 21838K, committed 22144K, reserved 1069056K
  class space    used 2448K, capacity 2605K, committed 2688K, reserved 1048576K
}
Event: 2.705 GC heap before
{Heap before GC invocations=28 (full 1):
 def new generation   total 6528K, used 6354K [0x00000000f0800000, 0x00000000f0f10000, 0x00000000f5aa0000)
  eden space 5824K, 100% used [0x00000000f0800000, 0x00000000f0db0000, 0x00000000f0db0000)
  from space 704K,  75% used [0x00000000f0e60000, 0x00000000f0ee4838, 0x00000000f0f10000)
  to   space 704K,   0% used [0x00000000f0db0000, 0x00000000f0db0000, 0x00000000f0e60000)
 tenured generation   total 14336K, used 9287K [0x00000000f5aa0000, 0x00000000f68a0000, 0x0000000100000000)
   the space 14336K,  64% used [0x00000000f5aa0000, 0x00000000f63b1d80, 0x00000000f63b1e00, 0x00000000f68a0000)
 Metaspace       used 21590K, capacity 21972K, committed 22400K, reserved 1069056K
  class space    used 2460K, capacity 2606K, committed 2688K, reserved 1048576K
Event: 2.708 GC heap after
Heap after GC invocations=29 (full 1):
 def new generation   total 6528K, used 684K [0x00000000f0800000, 0x00000000f0f10000, 0x00000000f5aa0000)
  eden space 5824K,   0% used [0x00000000f0800000, 0x00000000f0800000, 0x00000000f0db0000)
  from space 704K,  97% used [0x00000000f0db0000, 0x00000000f0e5b088, 0x00000000f0e60000)
  to   space 704K,   0% used [0x00000000f0e60000, 0x00000000f0e60000, 0x00000000f0f10000)
 tenured generation   total 14336K, used 9638K [0x00000000f5aa0000, 0x00000000f68a0000, 0x0000000100000000)
   the space 14336K,  67% used [0x00000000f5aa0000, 0x00000000f6409b08, 0x00000000f6409c00, 0x00000000f68a0000)
 Metaspace       used 21590K, capacity 21972K, committed 22400K, reserved 1069056K
  class space    used 2460K, capacity 2606K, committed 2688K, reserved 1048576K
}
Event: 3.268 GC heap before
{Heap before GC invocations=29 (full 1):
 def new generation   total 6528K, used 6508K [0x00000000f0800000, 0x00000000f0f10000, 0x00000000f5aa0000)
  eden space 5824K, 100% used [0x00000000f0800000, 0x00000000f0db0000, 0x00000000f0db0000)
  from space 704K,  97% used [0x00000000f0db0000, 0x00000000f0e5b088, 0x00000000f0e60000)
  to   space 704K,   0% used [0x00000000f0e60000, 0x00000000f0e60000, 0x00000000f0f10000)
 tenured generation   total 14336K, used 9638K [0x00000000f5aa0000, 0x00000000f68a0000, 0x0000000100000000)
   the space 14336K,  67% used [0x00000000f5aa0000, 0x00000000f6409b08, 0x00000000f6409c00, 0x00000000f68a0000)
 Metaspace       used 21697K, capacity 22100K, committed 22400K, reserved 1069056K
  class space    used 2460K, capacity 2606K, committed 2688K, reserved 1048576K
Event: 3.272 GC heap after
Heap after GC invocations=30 (full 1):
 def new generation   total 6528K, used 173K [0x00000000f0800000, 0x00000000f0f10000, 0x00000000f5aa0000)
  eden space 5824K,   0% used [0x00000000f0800000, 0x00000000f0800000, 0x00000000f0db0000)
  from space 704K,  24% used [0x00000000f0e60000, 0x00000000f0e8b540, 0x00000000f0f10000)
  to   space 704K,   0% used [0x00000000f0db0000, 0x00000000f0db0000, 0x00000000f0e60000)
 tenured generation   total 14336K, used 9945K [0x00000000f5aa0000, 0x00000000f68a0000, 0x0000000100000000)
   the space 14336K,  69% used [0x00000000f5aa0000, 0x00000000f64565c0, 0x00000000f6456600, 0x00000000f68a0000)
 Metaspace       used 21697K, capacity 22100K, committed 22400K, reserved 1069056K
  class space    used 2460K, capacity 2606K, committed 2688K, reserved 1048576K
}
Event: 3.717 GC heap before
{Heap before GC invocations=30 (full 1):
 def new generation   total 6528K, used 5997K [0x00000000f0800000, 0x00000000f0f10000, 0x00000000f5aa0000)
  eden space 5824K, 100% used [0x00000000f0800000, 0x00000000f0db0000, 0x00000000f0db0000)
  from space 704K,  24% used [0x00000000f0e60000, 0x00000000f0e8b540, 0x00000000f0f10000)
  to   space 704K,   0% used [0x00000000f0db0000, 0x00000000f0db0000, 0x00000000f0e60000)
 tenured generation   total 14336K, used 9945K [0x00000000f5aa0000, 0x00000000f68a0000, 0x0000000100000000)
   the space 14336K,  69% used [0x00000000f5aa0000, 0x00000000f64565c0, 0x00000000f6456600, 0x00000000f68a0000)
 Metaspace       used 21772K, capacity 22112K, committed 22400K, reserved 1069056K
  class space    used 2461K, capacity 2608K, committed 2688K, reserved 1048576K
Event: 3.718 GC heap after
Heap after GC invocations=31 (full 1):
 def new generation   total 6528K, used 336K [0x00000000f0800000, 0x00000000f0f10000, 0x00000000f5aa0000)
  eden space 5824K,   0% used [0x00000000f0800000, 0x00000000f0800000, 0x00000000f0db0000)
  from space 704K,  47% used [0x00000000f0db0000, 0x00000000f0e04120, 0x00000000f0e60000)
  to   space 704K,   0% used [0x00000000f0e60000, 0x00000000f0e60000, 0x00000000f0f10000)
 tenured generation   total 14336K, used 9945K [0x00000000f5aa0000, 0x00000000f68a0000, 0x0000000100000000)
   the space 14336K,  69% used [0x00000000f5aa0000, 0x00000000f64565c0, 0x00000000f6456600, 0x00000000f68a0000)
 Metaspace       used 21772K, capacity 22112K, committed 22400K, reserved 1069056K
  class space    used 2461K, capacity 2608K, committed 2688K, reserved 1048576K
}
Event: 4.235 GC heap before
{Heap before GC invocations=31 (full 1):
 def new generation   total 6528K, used 6160K [0x00000000f0800000, 0x00000000f0f10000, 0x00000000f5aa0000)
  eden space 5824K, 100% used [0x00000000f0800000, 0x00000000f0db0000, 0x00000000f0db0000)
  from space 704K,  47% used [0x00000000f0db0000, 0x00000000f0e04120, 0x00000000f0e60000)
  to   space 704K,   0% used [0x00000000f0e60000, 0x00000000f0e60000, 0x00000000f0f10000)
 tenured generation   total 14336K, used 9945K [0x00000000f5aa0000, 0x00000000f68a0000, 0x0000000100000000)
   the space 14336K,  69% used [0x00000000f5aa0000, 0x00000000f64565c0, 0x00000000f6456600, 0x00000000f68a0000)
 Metaspace       used 21852K, capacity 22240K, committed 22656K, reserved 1069056K
  class space    used 2462K, capacity 2608K, committed 2688K, reserved 1048576K
Event: 4.237 GC heap after
Heap after GC invocations=32 (full 1):
 def new generation   total 6528K, used 611K [0x00000000f0800000, 0x00000000f0f10000, 0x00000000f5aa0000)
  eden space 5824K,   0% used [0x00000000f0800000, 0x00000000f0800000, 0x00000000f0db0000)
  from space 704K,  86% used [0x00000000f0e60000, 0x00000000f0ef8c08, 0x00000000f0f10000)
  to   space 704K,   0% used [0x00000000f0db0000, 0x00000000f0db0000, 0x00000000f0e60000)
 tenured generation   total 14336K, used 9945K [0x00000000f5aa0000, 0x00000000f68a0000, 0x0000000100000000)
   the space 14336K,  69% used [0x00000000f5aa0000, 0x00000000f64565c0, 0x00000000f6456600, 0x00000000f68a0000)
 Metaspace       used 21852K, capacity 22240K, committed 22656K, reserved 1069056K
  class space    used 2462K, capacity 2608K, committed 2688K, reserved 1048576K
}
Event: 4.794 GC heap before
{Heap before GC invocations=32 (full 1):
 def new generation   total 6528K, used 6435K [0x00000000f0800000, 0x00000000f0f10000, 0x00000000f5aa0000)
  eden space 5824K, 100% used [0x00000000f0800000, 0x00000000f0db0000, 0x00000000f0db0000)
  from space 704K,  86% used [0x00000000f0e60000, 0x00000000f0ef8c08, 0x00000000f0f10000)
  to   space 704K,   0% used [0x00000000f0db0000, 0x00000000f0db0000, 0x00000000f0e60000)
 tenured generation   total 14336K, used 9945K [0x00000000f5aa0000, 0x00000000f68a0000, 0x0000000100000000)
   the space 14336K,  69% used [0x00000000f5aa0000, 0x00000000f64565c0, 0x00000000f6456600, 0x00000000f68a0000)
 Metaspace       used 21976K, capacity 22304K, committed 22656K, reserved 1069056K
  class space    used 2462K, capacity 2608K, committed 2688K, reserved 1048576K
Event: 4.797 GC heap after
Heap after GC invocations=33 (full 1):
 def new generation   total 6528K, used 351K [0x00000000f0800000, 0x00000000f0f10000, 0x00000000f5aa0000)
  eden space 5824K,   0% used [0x00000000f0800000, 0x00000000f0800000, 0x00000000f0db0000)
  from space 704K,  49% used [0x00000000f0db0000, 0x00000000f0e07f70, 0x00000000f0e60000)
  to   space 704K,   0% used [0x00000000f0e60000, 0x00000000f0e60000, 0x00000000f0f10000)
 tenured generation   total 14336K, used 10244K [0x00000000f5aa0000, 0x00000000f68a0000, 0x0000000100000000)
   the space 14336K,  71% used [0x00000000f5aa0000, 0x00000000f64a1320, 0x00000000f64a1400, 0x00000000f68a0000)
 Metaspace       used 21976K, capacity 22304K, committed 22656K, reserved 1069056K
  class space    used 2462K, capacity 2608K, committed 2688K, reserved 1048576K
}
Event: 5.128 GC heap before
{Heap before GC invocations=33 (full 1):
 def new generation   total 6528K, used 6175K [0x00000000f0800000, 0x00000000f0f10000, 0x00000000f5aa0000)
  eden space 5824K, 100% used [0x00000000f0800000, 0x00000000f0db0000, 0x00000000f0db0000)
  from space 704K,  49% used [0x00000000f0db0000, 0x00000000f0e07f70, 0x00000000f0e60000)
  to   space 704K,   0% used [0x00000000f0e60000, 0x00000000f0e60000, 0x00000000f0f10000)
 tenured generation   total 14336K, used 10244K [0x00000000f5aa0000, 0x00000000f68a0000, 0x0000000100000000)
   the space 14336K,  71% used [0x00000000f5aa0000, 0x00000000f64a1320, 0x00000000f64a1400, 0x00000000f68a0000)
 Metaspace       used 22009K, capacity 22374K, committed 22656K, reserved 1069056K
  class space    used 2462K, capacity 2609K, committed 2688K, reserved 1048576K
Event: 5.130 GC heap after
Heap after GC invocations=34 (full 1):
 def new generation   total 6528K, used 546K [0x00000000f0800000, 0x00000000f0f10000, 0x00000000f5aa0000)
  eden space 5824K,   0% used [0x00000000f0800000, 0x00000000f0800000, 0x00000000f0db0000)
  from space 704K,  77% used [0x00000000f0e60000, 0x00000000f0ee8800, 0x00000000f0f10000)
  to   space 704K,   0% used [0x00000000f0db0000, 0x00000000f0db0000, 0x00000000f0e60000)
 tenured generation   total 14336K, used 10244K [0x00000000f5aa0000, 0x00000000f68a0000, 0x0000000100000000)
   the space 14336K,  71% used [0x00000000f5aa0000, 0x00000000f64a1320, 0x00000000f64a1400, 0x00000000f68a0000)
 Metaspace       used 22009K, capacity 22374K, committed 22656K, reserved 1069056K
  class space    used 2462K, capacity 2609K, committed 2688K, reserved 1048576K
}
Event: 5.630 GC heap before
{Heap before GC invocations=34 (full 1):
 def new generation   total 6528K, used 6370K [0x00000000f0800000, 0x00000000f0f10000, 0x00000000f5aa0000)
  eden space 5824K, 100% used [0x00000000f0800000, 0x00000000f0db0000, 0x00000000f0db0000)
  from space 704K,  77% used [0x00000000f0e60000, 0x00000000f0ee8800, 0x00000000f0f10000)
  to   space 704K,   0% used [0x00000000f0db0000, 0x00000000f0db0000, 0x00000000f0e60000)
 tenured generation   total 14336K, used 10244K [0x00000000f5aa0000, 0x00000000f68a0000, 0x0000000100000000)
   the space 14336K,  71% used [0x00000000f5aa0000, 0x00000000f64a1320, 0x00000000f64a1400, 0x00000000f68a0000)
 Metaspace       used 22075K, capacity 22374K, committed 22656K, reserved 1069056K
  class space    used 2462K, capacity 2609K, committed 2688K, reserved 1048576K
Event: 5.633 GC heap after
Heap after GC invocations=35 (full 1):
 def new generation   total 6528K, used 522K [0x00000000f0800000, 0x00000000f0f10000, 0x00000000f5aa0000)
  eden space 5824K,   0% used [0x00000000f0800000, 0x00000000f0800000, 0x00000000f0db0000)
  from space 704K,  74% used [0x00000000f0db0000, 0x00000000f0e32ad0, 0x00000000f0e60000)
  to   space 704K,   0% used [0x00000000f0e60000, 0x00000000f0e60000, 0x00000000f0f10000)
 tenured generation   total 14336K, used 10483K [0x00000000f5aa0000, 0x00000000f68a0000, 0x0000000100000000)
   the space 14336K,  73% used [0x00000000f5aa0000, 0x00000000f64dcdb8, 0x00000000f64dce00, 0x00000000f68a0000)
 Metaspace       used 22075K, capacity 22374K, committed 22656K, reserved 1069056K
  class space    used 2462K, capacity 2609K, committed 2688K, reserved 1048576K
}
Event: 6.022 GC heap before
{Heap before GC invocations=35 (full 1):
 def new generation   total 6528K, used 6346K [0x00000000f0800000, 0x00000000f0f10000, 0x00000000f5aa0000)
  eden space 5824K, 100% used [0x00000000f0800000, 0x00000000f0db0000, 0x00000000f0db0000)
  from space 704K,  74% used [0x00000000f0db0000, 0x00000000f0e32ad0, 0x00000000f0e60000)
  to   space 704K,   0% used [0x00000000f0e60000, 0x00000000f0e60000, 0x00000000f0f10000)
 tenured generation   total 14336K, used 10483K [0x00000000f5aa0000, 0x00000000f68a0000, 0x0000000100000000)
   the space 14336K,  73% used [0x00000000f5aa0000, 0x00000000f64dcdb8, 0x00000000f64dce00, 0x00000000f68a0000)
 Metaspace       used 22108K, capacity 22502K, committed 22912K, reserved 1069056K
  class space    used 2462K, capacity 2609K, committed 2688K, reserved 1048576K
Event: 6.025 GC heap after
Heap after GC invocations=36 (full 1):
 def new generation   total 6528K, used 703K [0x00000000f0800000, 0x00000000f0f10000, 0x00000000f5aa0000)
  eden space 5824K,   0% used [0x00000000f0800000, 0x00000000f0800000, 0x00000000f0db0000)
  from space 704K,  99% used [0x00000000f0e60000, 0x00000000f0f0fff8, 0x00000000f0f10000)
  to   space 704K,   0% used [0x00000000f0db0000, 0x00000000f0db0000, 0x00000000f0e60000)
 tenured generation   total 14336K, used 10851K [0x00000000f5aa0000, 0x00000000f68a0000, 0x0000000100000000)
   the space 14336K,  75% used [0x00000000f5aa0000, 0x00000000f6538d08, 0x00000000f6538e00, 0x00000000f68a0000)
 Metaspace       used 22108K, capacity 22502K, committed 22912K, reserved 1069056K
  class space    used 2462K, capacity 2609K, committed 2688K, reserved 1048576K
}
Event: 6.521 GC heap before
{Heap before GC invocations=36 (full 1):
 def new generation   total 6528K, used 6527K [0x00000000f0800000, 0x00000000f0f10000, 0x00000000f5aa0000)
  eden space 5824K, 100% used [0x00000000f0800000, 0x00000000f0db0000, 0x00000000f0db0000)
  from space 704K,  99% used [0x00000000f0e60000, 0x00000000f0f0fff8, 0x00000000f0f10000)
  to   space 704K,   0% used [0x00000000f0db0000, 0x00000000f0db0000, 0x00000000f0e60000)
 tenured generation   total 14336K, used 10851K [0x00000000f5aa0000, 0x00000000f68a0000, 0x0000000100000000)
   the space 14336K,  75% used [0x00000000f5aa0000, 0x00000000f6538d08, 0x00000000f6538e00, 0x00000000f68a0000)
 Metaspace       used 22151K, capacity 22502K, committed 22912K, reserved 1069056K
  class space    used 2462K, capacity 2609K, committed 2688K, reserved 1048576K
Event: 6.524 GC heap after
Heap after GC invocations=37 (full 1):
 def new generation   total 6528K, used 215K [0x00000000f0800000, 0x00000000f0f10000, 0x00000000f5aa0000)
  eden space 5824K,   0% used [0x00000000f0800000, 0x00000000f0800000, 0x00000000f0db0000)
  from space 704K,  30% used [0x00000000f0db0000, 0x00000000f0de5ea8, 0x00000000f0e60000)
  to   space 704K,   0% used [0x00000000f0e60000, 0x00000000f0e60000, 0x00000000f0f10000)
 tenured generation   total 14336K, used 11528K [0x00000000f5aa0000, 0x00000000f68a0000, 0x0000000100000000)
   the space 14336K,  80% used [0x00000000f5aa0000, 0x00000000f65e2210, 0x00000000f65e2400, 0x00000000f68a0000)
 Metaspace       used 22151K, capacity 22502K, committed 22912K, reserved 1069056K
  class space    used 2462K, capacity 2609K, committed 2688K, reserved 1048576K
}
Event: 6.648 GC heap before
{Heap before GC invocations=37 (full 1):
 def new generation   total 6528K, used 6039K [0x00000000f0800000, 0x00000000f0f10000, 0x00000000f5aa0000)
  eden space 5824K, 100% used [0x00000000f0800000, 0x00000000f0db0000, 0x00000000f0db0000)
  from space 704K,  30% used [0x00000000f0db0000, 0x00000000f0de5ea8, 0x00000000f0e60000)
  to   space 704K,   0% used [0x00000000f0e60000, 0x00000000f0e60000, 0x00000000f0f10000)
 tenured generation   total 14336K, used 11528K [0x00000000f5aa0000, 0x00000000f68a0000, 0x0000000100000000)
   the space 14336K,  80% used [0x00000000f5aa0000, 0x00000000f65e2210, 0x00000000f65e2400, 0x00000000f68a0000)
 Metaspace       used 22166K, capacity 22502K, committed 22912K, reserved 1069056K
  class space    used 2462K, capacity 2609K, committed 2688K, reserved 1048576K
Event: 6.651 GC heap after
Heap after GC invocations=38 (full 1):
 def new generation   total 6528K, used 704K [0x00000000f0800000, 0x00000000f0f10000, 0x00000000f5aa0000)
  eden space 5824K,   0% used [0x00000000f0800000, 0x00000000f0800000, 0x00000000f0db0000)
  from space 704K, 100% used [0x00000000f0e60000, 0x00000000f0f10000, 0x00000000f0f10000)
  to   space 704K,   0% used [0x00000000f0db0000, 0x00000000f0db0000, 0x00000000f0e60000)
 tenured generation   total 14336K, used 11860K [0x00000000f5aa0000, 0x00000000f68a0000, 0x0000000100000000)
   the space 14336K,  82% used [0x00000000f5aa0000, 0x00000000f6635228, 0x00000000f6635400, 0x00000000f68a0000)
 Metaspace       used 22166K, capacity 22502K, committed 22912K, reserved 1069056K
  class space    used 2462K, capacity 2609K, committed 2688K, reserved 1048576K
}
Event: 7.116 GC heap before
{Heap before GC invocations=38 (full 1):
 def new generation   total 6528K, used 6528K [0x00000000f0800000, 0x00000000f0f10000, 0x00000000f5aa0000)
  eden space 5824K, 100% used [0x00000000f0800000, 0x00000000f0db0000, 0x00000000f0db0000)
  from space 704K, 100% used [0x00000000f0e60000, 0x00000000f0f10000, 0x00000000f0f10000)
  to   space 704K,   0% used [0x00000000f0db0000, 0x00000000f0db0000, 0x00000000f0e60000)
 tenured generation   total 14336K, used 11860K [0x00000000f5aa0000, 0x00000000f68a0000, 0x0000000100000000)
   the space 14336K,  82% used [0x00000000f5aa0000, 0x00000000f6635228, 0x00000000f6635400, 0x00000000f68a0000)
 Metaspace       used 22191K, capacity 22502K, committed 22912K, reserved 1069056K
  class space    used 2462K, capacity 2609K, committed 2688K, reserved 1048576K
Event: 7.119 GC heap after
Heap after GC invocations=39 (full 1):
 def new generation   total 6528K, used 256K [0x00000000f0800000, 0x00000000f0f10000, 0x00000000f5aa0000)
  eden space 5824K,   0% used [0x00000000f0800000, 0x00000000f0800000, 0x00000000f0db0000)
  from space 704K,  36% used [0x00000000f0db0000, 0x00000000f0df0370, 0x00000000f0e60000)
  to   space 704K,   0% used [0x00000000f0e60000, 0x00000000f0e60000, 0x00000000f0f10000)
 tenured generation   total 14336K, used 12399K [0x00000000f5aa0000, 0x00000000f68a0000, 0x0000000100000000)
   the space 14336K,  86% used [0x00000000f5aa0000, 0x00000000f66bbe48, 0x00000000f66bc000, 0x00000000f68a0000)
 Metaspace       used 22191K, capacity 22502K, committed 22912K, reserved 1069056K
  class space    used 2462K, capacity 2609K, committed 2688K, reserved 1048576K
}
Event: 7.346 GC heap before
{Heap before GC invocations=39 (full 1):
 def new generation   total 6528K, used 6080K [0x00000000f0800000, 0x00000000f0f10000, 0x00000000f5aa0000)
  eden space 5824K, 100% used [0x00000000f0800000, 0x00000000f0db0000, 0x00000000f0db0000)
  from space 704K,  36% used [0x00000000f0db0000, 0x00000000f0df0370, 0x00000000f0e60000)
  to   space 704K,   0% used [0x00000000f0e60000, 0x00000000f0e60000, 0x00000000f0f10000)
 tenured generation   total 14336K, used 12399K [0x00000000f5aa0000, 0x00000000f68a0000, 0x0000000100000000)
   the space 14336K,  86% used [0x00000000f5aa0000, 0x00000000f66bbe48, 0x00000000f66bc000, 0x00000000f68a0000)
 Metaspace       used 22383K, capacity 22770K, committed 23168K, reserved 1069056K
  class space    used 2478K, capacity 2611K, committed 2688K, reserved 1048576K
Event: 7.349 GC heap after
Heap after GC invocations=40 (full 1):
 def new generation   total 6528K, used 703K [0x00000000f0800000, 0x00000000f0f10000, 0x00000000f5aa0000)
  eden space 5824K,   0% used [0x00000000f0800000, 0x00000000f0800000, 0x00000000f0db0000)
  from space 704K,  99% used [0x00000000f0e60000, 0x00000000f0f0fff8, 0x00000000f0f10000)
  to   space 704K,   0% used [0x00000000f0db0000, 0x00000000f0db0000, 0x00000000f0e60000)
 tenured generation   total 14336K, used 12438K [0x00000000f5aa0000, 0x00000000f68a0000, 0x0000000100000000)
   the space 14336K,  86% used [0x00000000f5aa0000, 0x00000000f66c5b20, 0x00000000f66c5c00, 0x00000000f68a0000)
 Metaspace       used 22383K, capacity 22770K, committed 23168K, reserved 1069056K
  class space    used 2478K, capacity 2611K, committed 2688K, reserved 1048576K
}
Event: 7.561 GC heap before
{Heap before GC invocations=40 (full 1):
 def new generation   total 6528K, used 6527K [0x00000000f0800000, 0x00000000f0f10000, 0x00000000f5aa0000)
  eden space 5824K, 100% used [0x00000000f0800000, 0x00000000f0db0000, 0x00000000f0db0000)
  from space 704K,  99% used [0x00000000f0e60000, 0x00000000f0f0fff8, 0x00000000f0f10000)
  to   space 704K,   0% used [0x00000000f0db0000, 0x00000000f0db0000, 0x00000000f0e60000)
 tenured generation   total 14336K, used 12438K [0x00000000f5aa0000, 0x00000000f68a0000, 0x0000000100000000)
   the space 14336K,  86% used [0x00000000f5aa0000, 0x00000000f66c5b20, 0x00000000f66c5c00, 0x00000000f68a0000)
 Metaspace       used 22407K, capacity 22782K, committed 23168K, reserved 1069056K
  class space    used 2479K, capacity 2613K, committed 2688K, reserved 1048576K
Event: 7.565 GC heap after
Heap after GC invocations=41 (full 1):
 def new generation   total 6528K, used 103K [0x00000000f0800000, 0x00000000f0f10000, 0x00000000f5aa0000)
  eden space 5824K,   0% used [0x00000000f0800000, 0x00000000f0800000, 0x00000000f0db0000)
  from space 704K,  14% used [0x00000000f0db0000, 0x00000000f0dc9d88, 0x00000000f0e60000)
  to   space 704K,   0% used [0x00000000f0e60000, 0x00000000f0e60000, 0x00000000f0f10000)
 tenured generation   total 14336K, used 13094K [0x00000000f5aa0000, 0x00000000f68a0000, 0x0000000100000000)
   the space 14336K,  91% used [0x00000000f5aa0000, 0x00000000f6769a18, 0x00000000f6769c00, 0x00000000f68a0000)
 Metaspace       used 22407K, capacity 22782K, committed 23168K, reserved 1069056K
  class space    used 2479K, capacity 2613K, committed 2688K, reserved 1048576K
}
Event: 7.702 GC heap before
{Heap before GC invocations=41 (full 1):
 def new generation   total 6528K, used 5927K [0x00000000f0800000, 0x00000000f0f10000, 0x00000000f5aa0000)
  eden space 5824K, 100% used [0x00000000f0800000, 0x00000000f0db0000, 0x00000000f0db0000)
  from space 704K,  14% used [0x00000000f0db0000, 0x00000000f0dc9d88, 0x00000000f0e60000)
  to   space 704K,   0% used [0x00000000f0e60000, 0x00000000f0e60000, 0x00000000f0f10000)
 tenured generation   total 14336K, used 13094K [0x00000000f5aa0000, 0x00000000f68a0000, 0x0000000100000000)
   the space 14336K,  91% used [0x00000000f5aa0000, 0x00000000f6769a18, 0x00000000f6769c00, 0x00000000f68a0000)
 Metaspace       used 22412K, capacity 22782K, committed 23168K, reserved 1069056K
  class space    used 2479K, capacity 2613K, committed 2688K, reserved 1048576K
Event: 7.705 GC heap after
Heap after GC invocations=42 (full 1):
 def new generation   total 6528K, used 212K [0x00000000f0800000, 0x00000000f0f10000, 0x00000000f5aa0000)
  eden space 5824K,   0% used [0x00000000f0800000, 0x00000000f0800000, 0x00000000f0db0000)
  from space 704K,  30% used [0x00000000f0e60000, 0x00000000f0e951f0, 0x00000000f0f10000)
  to   space 704K,   0% used [0x00000000f0db0000, 0x00000000f0db0000, 0x00000000f0e60000)
 tenured generation   total 14336K, used 13094K [0x00000000f5aa0000, 0x00000000f68a0000, 0x0000000100000000)
   the space 14336K,  91% used [0x00000000f5aa0000, 0x00000000f6769a18, 0x00000000f6769c00, 0x00000000f68a0000)
 Metaspace       used 22412K, capacity 22782K, committed 23168K, reserved 1069056K
  class space    used 2479K, capacity 2613K, committed 2688K, reserved 1048576K
}
Event: 7.838 GC heap before
{Heap before GC invocations=42 (full 1):
 def new generation   total 6528K, used 6036K [0x00000000f0800000, 0x00000000f0f10000, 0x00000000f5aa0000)
  eden space 5824K, 100% used [0x00000000f0800000, 0x00000000f0db0000, 0x00000000f0db0000)
  from space 704K,  30% used [0x00000000f0e60000, 0x00000000f0e951f0, 0x00000000f0f10000)
  to   space 704K,   0% used [0x00000000f0db0000, 0x00000000f0db0000, 0x00000000f0e60000)
 tenured generation   total 14336K, used 13094K [0x00000000f5aa0000, 0x00000000f68a0000, 0x0000000100000000)
   the space 14336K,  91% used [0x00000000f5aa0000, 0x00000000f6769a18, 0x00000000f6769c00, 0x00000000f68a0000)
 Metaspace       used 22412K, capacity 22782K, committed 23168K, reserved 1069056K
  class space    used 2479K, capacity 2613K, committed 2688K, reserved 1048576K
Event: 7.842 GC heap after
Heap after GC invocations=43 (full 1):
 def new generation   total 6528K, used 223K [0x00000000f0800000, 0x00000000f0f10000, 0x00000000f5aa0000)
  eden space 5824K,   0% used [0x00000000f0800000, 0x00000000f0800000, 0x00000000f0db0000)
  from space 704K,  31% used [0x00000000f0db0000, 0x00000000f0de7e90, 0x00000000f0e60000)
  to   space 704K,   0% used [0x00000000f0e60000, 0x00000000f0e60000, 0x00000000f0f10000)
 tenured generation   total 14336K, used 13094K [0x00000000f5aa0000, 0x00000000f68a0000, 0x0000000100000000)
   the space 14336K,  91% used [0x00000000f5aa0000, 0x00000000f6769a18, 0x00000000f6769c00, 0x00000000f68a0000)
 Metaspace       used 22412K, capacity 22782K, committed 23168K, reserved 1069056K
  class space    used 2479K, capacity 2613K, committed 2688K, reserved 1048576K
}
Event: 7.961 GC heap before
{Heap before GC invocations=43 (full 1):
 def new generation   total 6528K, used 6047K [0x00000000f0800000, 0x00000000f0f10000, 0x00000000f5aa0000)
  eden space 5824K, 100% used [0x00000000f0800000, 0x00000000f0db0000, 0x00000000f0db0000)
  from space 704K,  31% used [0x00000000f0db0000, 0x00000000f0de7e90, 0x00000000f0e60000)
  to   space 704K,   0% used [0x00000000f0e60000, 0x00000000f0e60000, 0x00000000f0f10000)
 tenured generation   total 14336K, used 13094K [0x00000000f5aa0000, 0x00000000f68a0000, 0x0000000100000000)
   the space 14336K,  91% used [0x00000000f5aa0000, 0x00000000f6769a18, 0x00000000f6769c00, 0x00000000f68a0000)
 Metaspace       used 22412K, capacity 22782K, committed 23168K, reserved 1069056K
  class space    used 2479K, capacity 2613K, committed 2688K, reserved 1048576K
Event: 7.962 GC heap after
Heap after GC invocations=44 (full 1):
 def new generation   total 6528K, used 234K [0x00000000f0800000, 0x00000000f0f10000, 0x00000000f5aa0000)
  eden space 5824K,   0% used [0x00000000f0800000, 0x00000000f0800000, 0x00000000f0db0000)
  from space 704K,  33% used [0x00000000f0e60000, 0x00000000f0e9aae0, 0x00000000f0f10000)
  to   space 704K,   0% used [0x00000000f0db0000, 0x00000000f0db0000, 0x00000000f0e60000)
 tenured generation   total 14336K, used 13094K [0x00000000f5aa0000, 0x00000000f68a0000, 0x0000000100000000)
   the space 14336K,  91% used [0x00000000f5aa0000, 0x00000000f6769a18, 0x00000000f6769c00, 0x00000000f68a0000)
 Metaspace       used 22412K, capacity 22782K, committed 23168K, reserved 1069056K
  class space    used 2479K, capacity 2613K, committed 2688K, reserved 1048576K
}
Event: 8.099 GC heap before
{Heap before GC invocations=44 (full 1):
 def new generation   total 6528K, used 6053K [0x00000000f0800000, 0x00000000f0f10000, 0x00000000f5aa0000)
  eden space 5824K,  99% used [0x00000000f0800000, 0x00000000f0daeb98, 0x00000000f0db0000)
  from space 704K,  33% used [0x00000000f0e60000, 0x00000000f0e9aae0, 0x00000000f0f10000)
  to   space 704K,   0% used [0x00000000f0db0000, 0x00000000f0db0000, 0x00000000f0e60000)
 tenured generation   total 14336K, used 13094K [0x00000000f5aa0000, 0x00000000f68a0000, 0x0000000100000000)
   the space 14336K,  91% used [0x00000000f5aa0000, 0x00000000f6769a18, 0x00000000f6769c00, 0x00000000f68a0000)
 Metaspace       used 22415K, capacity 22782K, committed 23168K, reserved 1069056K
  class space    used 2479K, capacity 2613K, committed 2688K, reserved 1048576K
Event: 8.101 GC heap after
Heap after GC invocations=45 (full 1):
 def new generation   total 6528K, used 199K [0x00000000f0800000, 0x00000000f0f10000, 0x00000000f5aa0000)
  eden space 5824K,   0% used [0x00000000f0800000, 0x00000000f0800000, 0x00000000f0db0000)
  from space 704K,  28% used [0x00000000f0db0000, 0x00000000f0de1cd8, 0x00000000f0e60000)
  to   space 704K,   0% used [0x00000000f0e60000, 0x00000000f0e60000, 0x00000000f0f10000)
 tenured generation   total 14336K, used 13094K [0x00000000f5aa0000, 0x00000000f68a0000, 0x0000000100000000)
   the space 14336K,  91% used [0x00000000f5aa0000, 0x00000000f6769a18, 0x00000000f6769c00, 0x00000000f68a0000)
 Metaspace       used 22415K, capacity 22782K, committed 23168K, reserved 1069056K
  class space    used 2479K, capacity 2613K, committed 2688K, reserved 1048576K
}
Event: 8.232 GC heap before
{Heap before GC invocations=45 (full 1):
 def new generation   total 6528K, used 6023K [0x00000000f0800000, 0x00000000f0f10000, 0x00000000f5aa0000)
  eden space 5824K, 100% used [0x00000000f0800000, 0x00000000f0db0000, 0x00000000f0db0000)
  from space 704K,  28% used [0x00000000f0db0000, 0x00000000f0de1cd8, 0x00000000f0e60000)
  to   space 704K,   0% used [0x00000000f0e60000, 0x00000000f0e60000, 0x00000000f0f10000)
 tenured generation   total 14336K, used 13094K [0x00000000f5aa0000, 0x00000000f68a0000, 0x0000000100000000)
   the space 14336K,  91% used [0x00000000f5aa0000, 0x00000000f6769a18, 0x00000000f6769c00, 0x00000000f68a0000)
 Metaspace       used 22416K, capacity 22782K, committed 23168K, reserved 1069056K
  class space    used 2479K, capacity 2613K, committed 2688K, reserved 1048576K
Event: 8.234 GC heap after
Heap after GC invocations=46 (full 1):
 def new generation   total 6528K, used 217K [0x00000000f0800000, 0x00000000f0f10000, 0x00000000f5aa0000)
  eden space 5824K,   0% used [0x00000000f0800000, 0x00000000f0800000, 0x00000000f0db0000)
  from space 704K,  30% used [0x00000000f0e60000, 0x00000000f0e966f0, 0x00000000f0f10000)
  to   space 704K,   0% used [0x00000000f0db0000, 0x00000000f0db0000, 0x00000000f0e60000)
 tenured generation   total 14336K, used 13094K [0x00000000f5aa0000, 0x00000000f68a0000, 0x0000000100000000)
   the space 14336K,  91% used [0x00000000f5aa0000, 0x00000000f6769a18, 0x00000000f6769c00, 0x00000000f68a0000)
 Metaspace       used 22416K, capacity 22782K, committed 23168K, reserved 1069056K
  class space    used 2479K, capacity 2613K, committed 2688K, reserved 1048576K
}
Event: 8.391 GC heap before
{Heap before GC invocations=46 (full 1):
 def new generation   total 6528K, used 6041K [0x00000000f0800000, 0x00000000f0f10000, 0x00000000f5aa0000)
  eden space 5824K, 100% used [0x00000000f0800000, 0x00000000f0db0000, 0x00000000f0db0000)
  from space 704K,  30% used [0x00000000f0e60000, 0x00000000f0e966f0, 0x00000000f0f10000)
  to   space 704K,   0% used [0x00000000f0db0000, 0x00000000f0db0000, 0x00000000f0e60000)
 tenured generation   total 14336K, used 13094K [0x00000000f5aa0000, 0x00000000f68a0000, 0x0000000100000000)
   the space 14336K,  91% used [0x00000000f5aa0000, 0x00000000f6769a18, 0x00000000f6769c00, 0x00000000f68a0000)
 Metaspace       used 22422K, capacity 22782K, committed 23168K, reserved 1069056K
  class space    used 2479K, capacity 2613K, committed 2688K, reserved 1048576K
Event: 8.393 GC heap after
Heap after GC invocations=47 (full 1):
 def new generation   total 6528K, used 235K [0x00000000f0800000, 0x00000000f0f10000, 0x00000000f5aa0000)
  eden space 5824K,   0% used [0x00000000f0800000, 0x00000000f0800000, 0x00000000f0db0000)
  from space 704K,  33% used [0x00000000f0db0000, 0x00000000f0dead98, 0x00000000f0e60000)
  to   space 704K,   0% used [0x00000000f0e60000, 0x00000000f0e60000, 0x00000000f0f10000)
 tenured generation   total 14336K, used 13094K [0x00000000f5aa0000, 0x00000000f68a0000, 0x0000000100000000)
   the space 14336K,  91% used [0x00000000f5aa0000, 0x00000000f6769a18, 0x00000000f6769c00, 0x00000000f68a0000)
 Metaspace       used 22422K, capacity 22782K, committed 23168K, reserved 1069056K
  class space    used 2479K, capacity 2613K, committed 2688K, reserved 1048576K
}
Event: 8.588 GC heap before
{Heap before GC invocations=47 (full 1):
 def new generation   total 6528K, used 6059K [0x00000000f0800000, 0x00000000f0f10000, 0x00000000f5aa0000)
  eden space 5824K, 100% used [0x00000000f0800000, 0x00000000f0db0000, 0x00000000f0db0000)
  from space 704K,  33% used [0x00000000f0db0000, 0x00000000f0dead98, 0x00000000f0e60000)
  to   space 704K,   0% used [0x00000000f0e60000, 0x00000000f0e60000, 0x00000000f0f10000)
 tenured generation   total 14336K, used 13094K [0x00000000f5aa0000, 0x00000000f68a0000, 0x0000000100000000)
   the space 14336K,  91% used [0x00000000f5aa0000, 0x00000000f6769a18, 0x00000000f6769c00, 0x00000000f68a0000)
 Metaspace       used 22424K, capacity 22782K, committed 23168K, reserved 1069056K
  class space    used 2479K, capacity 2613K, committed 2688K, reserved 1048576K
Event: 8.589 GC heap after
Heap after GC invocations=48 (full 1):
 def new generation   total 6528K, used 232K [0x00000000f0800000, 0x00000000f0f10000, 0x00000000f5aa0000)
  eden space 5824K,   0% used [0x00000000f0800000, 0x00000000f0800000, 0x00000000f0db0000)
  from space 704K,  32% used [0x00000000f0e60000, 0x00000000f0e9a0a8, 0x00000000f0f10000)
  to   space 704K,   0% used [0x00000000f0db0000, 0x00000000f0db0000, 0x00000000f0e60000)
 tenured generation   total 14336K, used 13094K [0x00000000f5aa0000, 0x00000000f68a0000, 0x0000000100000000)
   the space 14336K,  91% used [0x00000000f5aa0000, 0x00000000f6769a18, 0x00000000f6769c00, 0x00000000f68a0000)
 Metaspace       used 22424K, capacity 22782K, committed 23168K, reserved 1069056K
  class space    used 2479K, capacity 2613K, committed 2688K, reserved 1048576K
}
Event: 8.651 GC heap before
{Heap before GC invocations=48 (full 1):
 def new generation   total 6528K, used 6056K [0x00000000f0800000, 0x00000000f0f10000, 0x00000000f5aa0000)
  eden space 5824K, 100% used [0x00000000f0800000, 0x00000000f0db0000, 0x00000000f0db0000)
  from space 704K,  32% used [0x00000000f0e60000, 0x00000000f0e9a0a8, 0x00000000f0f10000)
  to   space 704K,   0% used [0x00000000f0db0000, 0x00000000f0db0000, 0x00000000f0e60000)
 tenured generation   total 14336K, used 13094K [0x00000000f5aa0000, 0x00000000f68a0000, 0x0000000100000000)
   the space 14336K,  91% used [0x00000000f5aa0000, 0x00000000f6769a18, 0x00000000f6769c00, 0x00000000f68a0000)
 Metaspace       used 22424K, capacity 22782K, committed 23168K, reserved 1069056K
  class space    used 2479K, capacity 2613K, committed 2688K, reserved 1048576K
Event: 8.653 GC heap after
Heap after GC invocations=49 (full 1):
 def new generation   total 6528K, used 244K [0x00000000f0800000, 0x00000000f0f10000, 0x00000000f5aa0000)
  eden space 5824K,   0% used [0x00000000f0800000, 0x00000000f0800000, 0x00000000f0db0000)
  from space 704K,  34% used [0x00000000f0db0000, 0x00000000f0ded0c8, 0x00000000f0e60000)
  to   space 704K,   0% used [0x00000000f0e60000, 0x00000000f0e60000, 0x00000000f0f10000)
 tenured generation   total 14336K, used 13094K [0x00000000f5aa0000, 0x00000000f68a0000, 0x0000000100000000)
   the space 14336K,  91% used [0x00000000f5aa0000, 0x00000000f6769a18, 0x00000000f6769c00, 0x00000000f68a0000)
 Metaspace       used 22424K, capacity 22782K, committed 23168K, reserved 1069056K
  class space    used 2479K, capacity 2613K, committed 2688K, reserved 1048576K
}
Event: 8.929 GC heap before
{Heap before GC invocations=49 (full 1):
 def new generation   total 6528K, used 6065K [0x00000000f0800000, 0x00000000f0f10000, 0x00000000f5aa0000)
  eden space 5824K,  99% used [0x00000000f0800000, 0x00000000f0daf5c0, 0x00000000f0db0000)
  from space 704K,  34% used [0x00000000f0db0000, 0x00000000f0ded0c8, 0x00000000f0e60000)
  to   space 704K,   0% used [0x00000000f0e60000, 0x00000000f0e60000, 0x00000000f0f10000)
 tenured generation   total 14336K, used 13094K [0x00000000f5aa0000, 0x00000000f68a0000, 0x0000000100000000)
   the space 14336K,  91% used [0x00000000f5aa0000, 0x00000000f6769a18, 0x00000000f6769c00, 0x00000000f68a0000)
 Metaspace       used 22426K, capacity 22782K, committed 23168K, reserved 1069056K
  class space    used 2479K, capacity 2613K, committed 2688K, reserved 1048576K
Event: 8.930 GC heap after
Heap after GC invocations=50 (full 1):
 def new generation   total 6528K, used 230K [0x00000000f0800000, 0x00000000f0f10000, 0x00000000f5aa0000)
  eden space 5824K,   0% used [0x00000000f0800000, 0x00000000f0800000, 0x00000000f0db0000)
  from space 704K,  32% used [0x00000000f0e60000, 0x00000000f0e999a0, 0x00000000f0f10000)
  to   space 704K,   0% used [0x00000000f0db0000, 0x00000000f0db0000, 0x00000000f0e60000)
 tenured generation   total 14336K, used 13094K [0x00000000f5aa0000, 0x00000000f68a0000, 0x0000000100000000)
   the space 14336K,  91% used [0x00000000f5aa0000, 0x00000000f6769a18, 0x00000000f6769c00, 0x00000000f68a0000)
 Metaspace       used 22426K, capacity 22782K, committed 23168K, reserved 1069056K
  class space    used 2479K, capacity 2613K, committed 2688K, reserved 1048576K
}
Event: 8.986 GC heap before
{Heap before GC invocations=50 (full 1):
 def new generation   total 6528K, used 6043K [0x00000000f0800000, 0x00000000f0f10000, 0x00000000f5aa0000)
  eden space 5824K,  99% used [0x00000000f0800000, 0x00000000f0dad440, 0x00000000f0db0000)
  from space 704K,  32% used [0x00000000f0e60000, 0x00000000f0e999a0, 0x00000000f0f10000)
  to   space 704K,   0% used [0x00000000f0db0000, 0x00000000f0db0000, 0x00000000f0e60000)
 tenured generation   total 14336K, used 13094K [0x00000000f5aa0000, 0x00000000f68a0000, 0x0000000100000000)
   the space 14336K,  91% used [0x00000000f5aa0000, 0x00000000f6769a18, 0x00000000f6769c00, 0x00000000f68a0000)
 Metaspace       used 22436K, capacity 22846K, committed 23168K, reserved 1069056K
  class space    used 2479K, capacity 2613K, committed 2688K, reserved 1048576K
Event: 8.988 GC heap after
Heap after GC invocations=51 (full 1):
 def new generation   total 6528K, used 227K [0x00000000f0800000, 0x00000000f0f10000, 0x00000000f5aa0000)
  eden space 5824K,   0% used [0x00000000f0800000, 0x00000000f0800000, 0x00000000f0db0000)
  from space 704K,  32% used [0x00000000f0db0000, 0x00000000f0de8d80, 0x00000000f0e60000)
  to   space 704K,   0% used [0x00000000f0e60000, 0x00000000f0e60000, 0x00000000f0f10000)
 tenured generation   total 14336K, used 13094K [0x00000000f5aa0000, 0x00000000f68a0000, 0x0000000100000000)
   the space 14336K,  91% used [0x00000000f5aa0000, 0x00000000f6769a18, 0x00000000f6769c00, 0x00000000f68a0000)
 Metaspace       used 22436K, capacity 22846K, committed 23168K, reserved 1069056K
  class space    used 2479K, capacity 2613K, committed 2688K, reserved 1048576K
}
Event: 9.146 GC heap before
{Heap before GC invocations=51 (full 1):
 def new generation   total 6528K, used 6042K [0x00000000f0800000, 0x00000000f0f10000, 0x00000000f5aa0000)
  eden space 5824K,  99% used [0x00000000f0800000, 0x00000000f0dada88, 0x00000000f0db0000)
  from space 704K,  32% used [0x00000000f0db0000, 0x00000000f0de8d80, 0x00000000f0e60000)
  to   space 704K,   0% used [0x00000000f0e60000, 0x00000000f0e60000, 0x00000000f0f10000)
 tenured generation   total 14336K, used 13094K [0x00000000f5aa0000, 0x00000000f68a0000, 0x0000000100000000)
   the space 14336K,  91% used [0x00000000f5aa0000, 0x00000000f6769a18, 0x00000000f6769c00, 0x00000000f68a0000)
 Metaspace       used 22439K, capacity 22846K, committed 23168K, reserved 1069056K
  class space    used 2479K, capacity 2613K, committed 2688K, reserved 1048576K
Event: 9.148 GC heap after
Heap after GC invocations=52 (full 1):
 def new generation   total 6528K, used 247K [0x00000000f0800000, 0x00000000f0f10000, 0x00000000f5aa0000)
  eden space 5824K,   0% used [0x00000000f0800000, 0x00000000f0800000, 0x00000000f0db0000)
  from space 704K,  35% used [0x00000000f0e60000, 0x00000000f0e9dd60, 0x00000000f0f10000)
  to   space 704K,   0% used [0x00000000f0db0000, 0x00000000f0db0000, 0x00000000f0e60000)
 tenured generation   total 14336K, used 13094K [0x00000000f5aa0000, 0x00000000f68a0000, 0x0000000100000000)
   the space 14336K,  91% used [0x00000000f5aa0000, 0x00000000f6769a18, 0x00000000f6769c00, 0x00000000f68a0000)
 Metaspace       used 22439K, capacity 22846K, committed 23168K, reserved 1069056K
  class space    used 2479K, capacity 2613K, committed 2688K, reserved 1048576K
}
Event: 9.292 GC heap before
{Heap before GC invocations=52 (full 1):
 def new generation   total 6528K, used 6064K [0x00000000f0800000, 0x00000000f0f10000, 0x00000000f5aa0000)
  eden space 5824K,  99% used [0x00000000f0800000, 0x00000000f0dae628, 0x00000000f0db0000)
  from space 704K,  35% used [0x00000000f0e60000, 0x00000000f0e9dd60, 0x00000000f0f10000)
  to   space 704K,   0% used [0x00000000f0db0000, 0x00000000f0db0000, 0x00000000f0e60000)
 tenured generation   total 14336K, used 13094K [0x00000000f5aa0000, 0x00000000f68a0000, 0x0000000100000000)
   the space 14336K,  91% used [0x00000000f5aa0000, 0x00000000f6769a18, 0x00000000f6769c00, 0x00000000f68a0000)
 Metaspace       used 22457K, capacity 22846K, committed 23168K, reserved 1069056K
  class space    used 2479K, capacity 2613K, committed 2688K, reserved 1048576K
Event: 9.294 GC heap after
Heap after GC invocations=53 (full 1):
 def new generation   total 6528K, used 259K [0x00000000f0800000, 0x00000000f0f10000, 0x00000000f5aa0000)
  eden space 5824K,   0% used [0x00000000f0800000, 0x00000000f0800000, 0x00000000f0db0000)
  from space 704K,  36% used [0x00000000f0db0000, 0x00000000f0df0fc0, 0x00000000f0e60000)
  to   space 704K,   0% used [0x00000000f0e60000, 0x00000000f0e60000, 0x00000000f0f10000)
 tenured generation   total 14336K, used 13094K [0x00000000f5aa0000, 0x00000000f68a0000, 0x0000000100000000)
   the space 14336K,  91% used [0x00000000f5aa0000, 0x00000000f6769a18, 0x00000000f6769c00, 0x00000000f68a0000)
 Metaspace       used 22457K, capacity 22846K, committed 23168K, reserved 1069056K
  class space    used 2479K, capacity 2613K, committed 2688K, reserved 1048576K
}
Event: 9.447 GC heap before
{Heap before GC invocations=53 (full 1):
 def new generation   total 6528K, used 6080K [0x00000000f0800000, 0x00000000f0f10000, 0x00000000f5aa0000)
  eden space 5824K,  99% used [0x00000000f0800000, 0x00000000f0daf348, 0x00000000f0db0000)
  from space 704K,  36% used [0x00000000f0db0000, 0x00000000f0df0fc0, 0x00000000f0e60000)
  to   space 704K,   0% used [0x00000000f0e60000, 0x00000000f0e60000, 0x00000000f0f10000)
 tenured generation   total 14336K, used 13094K [0x00000000f5aa0000, 0x00000000f68a0000, 0x0000000100000000)
   the space 14336K,  91% used [0x00000000f5aa0000, 0x00000000f6769a18, 0x00000000f6769c00, 0x00000000f68a0000)
 Metaspace       used 22492K, capacity 22846K, committed 23168K, reserved 1069056K
  class space    used 2479K, capacity 2613K, committed 2688K, reserved 1048576K
Event: 9.449 GC heap after
Heap after GC invocations=54 (full 1):
 def new generation   total 6528K, used 239K [0x00000000f0800000, 0x00000000f0f10000, 0x00000000f5aa0000)
  eden space 5824K,   0% used [0x00000000f0800000, 0x00000000f0800000, 0x00000000f0db0000)
  from space 704K,  34% used [0x00000000f0e60000, 0x00000000f0e9be10, 0x00000000f0f10000)
  to   space 704K,   0% used [0x00000000f0db0000, 0x00000000f0db0000, 0x00000000f0e60000)
 tenured generation   total 14336K, used 13094K [0x00000000f5aa0000, 0x00000000f68a0000, 0x0000000100000000)
   the space 14336K,  91% used [0x00000000f5aa0000, 0x00000000f6769a18, 0x00000000f6769c00, 0x00000000f68a0000)
 Metaspace       used 22492K, capacity 22846K, committed 23168K, reserved 1069056K
  class space    used 2479K, capacity 2613K, committed 2688K, reserved 1048576K
}
Event: 9.610 GC heap before
{Heap before GC invocations=54 (full 1):
 def new generation   total 6528K, used 6052K [0x00000000f0800000, 0x00000000f0f10000, 0x00000000f5aa0000)
  eden space 5824K,  99% used [0x00000000f0800000, 0x00000000f0dad4e8, 0x00000000f0db0000)
  from space 704K,  34% used [0x00000000f0e60000, 0x00000000f0e9be10, 0x00000000f0f10000)
  to   space 704K,   0% used [0x00000000f0db0000, 0x00000000f0db0000, 0x00000000f0e60000)
 tenured generation   total 14336K, used 13094K [0x00000000f5aa0000, 0x00000000f68a0000, 0x0000000100000000)
   the space 14336K,  91% used [0x00000000f5aa0000, 0x00000000f6769a18, 0x00000000f6769c00, 0x00000000f68a0000)
 Metaspace       used 22492K, capacity 22846K, committed 23168K, reserved 1069056K
  class space    used 2479K, capacity 2613K, committed 2688K, reserved 1048576K
Event: 9.612 GC heap after
Heap after GC invocations=55 (full 1):
 def new generation   total 6528K, used 265K [0x00000000f0800000, 0x00000000f0f10000, 0x00000000f5aa0000)
  eden space 5824K,   0% used [0x00000000f0800000, 0x00000000f0800000, 0x00000000f0db0000)
  from space 704K,  37% used [0x00000000f0db0000, 0x00000000f0df2670, 0x00000000f0e60000)
  to   space 704K,   0% used [0x00000000f0e60000, 0x00000000f0e60000, 0x00000000f0f10000)
 tenured generation   total 14336K, used 13094K [0x00000000f5aa0000, 0x00000000f68a0000, 0x0000000100000000)
   the space 14336K,  91% used [0x00000000f5aa0000, 0x00000000f6769a18, 0x00000000f6769c00, 0x00000000f68a0000)
 Metaspace       used 22492K, capacity 22846K, committed 23168K, reserved 1069056K
  class space    used 2479K, capacity 2613K, committed 2688K, reserved 1048576K
}
Event: 9.879 GC heap before
{Heap before GC invocations=55 (full 1):
 def new generation   total 6528K, used 6089K [0x00000000f0800000, 0x00000000f0f10000, 0x00000000f5aa0000)
  eden space 5824K, 100% used [0x00000000f0800000, 0x00000000f0db0000, 0x00000000f0db0000)
  from space 704K,  37% used [0x00000000f0db0000, 0x00000000f0df2670, 0x00000000f0e60000)
  to   space 704K,   0% used [0x00000000f0e60000, 0x00000000f0e60000, 0x00000000f0f10000)
 tenured generation   total 14336K, used 13094K [0x00000000f5aa0000, 0x00000000f68a0000, 0x0000000100000000)
   the space 14336K,  91% used [0x00000000f5aa0000, 0x00000000f6769a18, 0x00000000f6769c00, 0x00000000f68a0000)
 Metaspace       used 22494K, capacity 22846K, committed 23168K, reserved 1069056K
  class space    used 2479K, capacity 2613K, committed 2688K, reserved 1048576K
Event: 9.881 GC heap after
Heap after GC invocations=56 (full 1):
 def new generation   total 6528K, used 181K [0x00000000f0800000, 0x00000000f0f10000, 0x00000000f5aa0000)
  eden space 5824K,   0% used [0x00000000f0800000, 0x00000000f0800000, 0x00000000f0db0000)
  from space 704K,  25% used [0x00000000f0e60000, 0x00000000f0e8d628, 0x00000000f0f10000)
  to   space 704K,   0% used [0x00000000f0db0000, 0x00000000f0db0000, 0x00000000f0e60000)
 tenured generation   total 14336K, used 13185K [0x00000000f5aa0000, 0x00000000f68a0000, 0x0000000100000000)
   the space 14336K,  91% used [0x00000000f5aa0000, 0x00000000f6780668, 0x00000000f6780800, 0x00000000f68a0000)
 Metaspace       used 22494K, capacity 22846K, committed 23168K, reserved 1069056K
  class space    used 2479K, capacity 2613K, committed 2688K, reserved 1048576K
}
Event: 9.929 GC heap before
{Heap before GC invocations=56 (full 1):
 def new generation   total 6528K, used 6005K [0x00000000f0800000, 0x00000000f0f10000, 0x00000000f5aa0000)
  eden space 5824K, 100% used [0x00000000f0800000, 0x00000000f0db0000, 0x00000000f0db0000)
  from space 704K,  25% used [0x00000000f0e60000, 0x00000000f0e8d628, 0x00000000f0f10000)
  to   space 704K,   0% used [0x00000000f0db0000, 0x00000000f0db0000, 0x00000000f0e60000)
 tenured generation   total 14336K, used 13185K [0x00000000f5aa0000, 0x00000000f68a0000, 0x0000000100000000)
   the space 14336K,  91% used [0x00000000f5aa0000, 0x00000000f6780668, 0x00000000f6780800, 0x00000000f68a0000)
 Metaspace       used 22494K, capacity 22846K, committed 23168K, reserved 1069056K
  class space    used 2479K, capacity 2613K, committed 2688K, reserved 1048576K
Event: 9.930 GC heap after
Heap after GC invocations=57 (full 1):
 def new generation   total 6528K, used 140K [0x00000000f0800000, 0x00000000f0f10000, 0x00000000f5aa0000)
  eden space 5824K,   0% used [0x00000000f0800000, 0x00000000f0800000, 0x00000000f0db0000)
  from space 704K,  19% used [0x00000000f0db0000, 0x00000000f0dd3198, 0x00000000f0e60000)
  to   space 704K,   0% used [0x00000000f0e60000, 0x00000000f0e60000, 0x00000000f0f10000)
 tenured generation   total 14336K, used 13213K [0x00000000f5aa0000, 0x00000000f68a0000, 0x0000000100000000)
   the space 14336K,  92% used [0x00000000f5aa0000, 0x00000000f67877e8, 0x00000000f6787800, 0x00000000f68a0000)
 Metaspace       used 22494K, capacity 22846K, committed 23168K, reserved 1069056K
  class space    used 2479K, capacity 2613K, committed 2688K, reserved 1048576K
}
Event: 10.138 GC heap before
{Heap before GC invocations=57 (full 1):
 def new generation   total 6528K, used 5950K [0x00000000f0800000, 0x00000000f0f10000, 0x00000000f5aa0000)
  eden space 5824K,  99% used [0x00000000f0800000, 0x00000000f0dac8e0, 0x00000000f0db0000)
  from space 704K,  19% used [0x00000000f0db0000, 0x00000000f0dd3198, 0x00000000f0e60000)
  to   space 704K,   0% used [0x00000000f0e60000, 0x00000000f0e60000, 0x00000000f0f10000)
 tenured generation   total 14336K, used 13213K [0x00000000f5aa0000, 0x00000000f68a0000, 0x0000000100000000)
   the space 14336K,  92% used [0x00000000f5aa0000, 0x00000000f67877e8, 0x00000000f6787800, 0x00000000f68a0000)
 Metaspace       used 22498K, capacity 22846K, committed 23168K, reserved 1069056K
  class space    used 2479K, capacity 2613K, committed 2688K, reserved 1048576K
Event: 10.139 GC heap after
Heap after GC invocations=58 (full 1):
 def new generation   total 6528K, used 133K [0x00000000f0800000, 0x00000000f0f10000, 0x00000000f5aa0000)
  eden space 5824K,   0% used [0x00000000f0800000, 0x00000000f0800000, 0x00000000f0db0000)
  from space 704K,  18% used [0x00000000f0e60000, 0x00000000f0e81630, 0x00000000f0f10000)
  to   space 704K,   0% used [0x00000000f0db0000, 0x00000000f0db0000, 0x00000000f0e60000)
 tenured generation   total 14336K, used 13217K [0x00000000f5aa0000, 0x00000000f68a0000, 0x0000000100000000)
   the space 14336K,  92% used [0x00000000f5aa0000, 0x00000000f6788468, 0x00000000f6788600, 0x00000000f68a0000)
 Metaspace       used 22498K, capacity 22846K, committed 23168K, reserved 1069056K
  class space    used 2479K, capacity 2613K, committed 2688K, reserved 1048576K
}
Event: 10.283 GC heap before
{Heap before GC invocations=58 (full 1):
 def new generation   total 6528K, used 5957K [0x00000000f0800000, 0x00000000f0f10000, 0x00000000f5aa0000)
  eden space 5824K, 100% used [0x00000000f0800000, 0x00000000f0db0000, 0x00000000f0db0000)
  from space 704K,  18% used [0x00000000f0e60000, 0x00000000f0e81630, 0x00000000f0f10000)
  to   space 704K,   0% used [0x00000000f0db0000, 0x00000000f0db0000, 0x00000000f0e60000)
 tenured generation   total 14336K, used 13217K [0x00000000f5aa0000, 0x00000000f68a0000, 0x0000000100000000)
   the space 14336K,  92% used [0x00000000f5aa0000, 0x00000000f6788468, 0x00000000f6788600, 0x00000000f68a0000)
 Metaspace       used 22499K, capacity 22846K, committed 23168K, reserved 1069056K
  class space    used 2479K, capacity 2613K, committed 2688K, reserved 1048576K
Event: 10.285 GC heap after
Heap after GC invocations=59 (full 1):
 def new generation   total 6528K, used 136K [0x00000000f0800000, 0x00000000f0f10000, 0x00000000f5aa0000)
  eden space 5824K,   0% used [0x00000000f0800000, 0x00000000f0800000, 0x00000000f0db0000)
  from space 704K,  19% used [0x00000000f0db0000, 0x00000000f0dd2010, 0x00000000f0e60000)
  to   space 704K,   0% used [0x00000000f0e60000, 0x00000000f0e60000, 0x00000000f0f10000)
 tenured generation   total 14336K, used 13217K [0x00000000f5aa0000, 0x00000000f68a0000, 0x0000000100000000)
   the space 14336K,  92% used [0x00000000f5aa0000, 0x00000000f6788708, 0x00000000f6788800, 0x00000000f68a0000)
 Metaspace       used 22499K, capacity 22846K, committed 23168K, reserved 1069056K
  class space    used 2479K, capacity 2613K, committed 2688K, reserved 1048576K
}
Event: 10.437 GC heap before
{Heap before GC invocations=59 (full 1):
 def new generation   total 6528K, used 5951K [0x00000000f0800000, 0x00000000f0f10000, 0x00000000f5aa0000)
  eden space 5824K,  99% used [0x00000000f0800000, 0x00000000f0dadfe0, 0x00000000f0db0000)
  from space 704K,  19% used [0x00000000f0db0000, 0x00000000f0dd2010, 0x00000000f0e60000)
  to   space 704K,   0% used [0x00000000f0e60000, 0x00000000f0e60000, 0x00000000f0f10000)
 tenured generation   total 14336K, used 13217K [0x00000000f5aa0000, 0x00000000f68a0000, 0x0000000100000000)
   the space 14336K,  92% used [0x00000000f5aa0000, 0x00000000f6788708, 0x00000000f6788800, 0x00000000f68a0000)
 Metaspace       used 22500K, capacity 22846K, committed 23168K, reserved 1069056K
  class space    used 2479K, capacity 2613K, committed 2688K, reserved 1048576K
Event: 10.438 GC heap after
Heap after GC invocations=60 (full 1):
 def new generation   total 6528K, used 161K [0x00000000f0800000, 0x00000000f0f10000, 0x00000000f5aa0000)
  eden space 5824K,   0% used [0x00000000f0800000, 0x00000000f0800000, 0x00000000f0db0000)
  from space 704K,  22% used [0x00000000f0e60000, 0x00000000f0e88710, 0x00000000f0f10000)
  to   space 704K,   0% used [0x00000000f0db0000, 0x00000000f0db0000, 0x00000000f0e60000)
 tenured generation   total 14336K, used 13220K [0x00000000f5aa0000, 0x00000000f68a0000, 0x0000000100000000)
   the space 14336K,  92% used [0x00000000f5aa0000, 0x00000000f67893d0, 0x00000000f6789400, 0x00000000f68a0000)
 Metaspace       used 22500K, capacity 22846K, committed 23168K, reserved 1069056K
  class space    used 2479K, capacity 2613K, committed 2688K, reserved 1048576K
}
Event: 10.572 GC heap before
{Heap before GC invocations=60 (full 1):
 def new generation   total 6528K, used 5985K [0x00000000f0800000, 0x00000000f0f10000, 0x00000000f5aa0000)
  eden space 5824K, 100% used [0x00000000f0800000, 0x00000000f0db0000, 0x00000000f0db0000)
  from space 704K,  22% used [0x00000000f0e60000, 0x00000000f0e88710, 0x00000000f0f10000)
  to   space 704K,   0% used [0x00000000f0db0000, 0x00000000f0db0000, 0x00000000f0e60000)
 tenured generation   total 14336K, used 13220K [0x00000000f5aa0000, 0x00000000f68a0000, 0x0000000100000000)
   the space 14336K,  92% used [0x00000000f5aa0000, 0x00000000f67893d0, 0x00000000f6789400, 0x00000000f68a0000)
 Metaspace       used 22502K, capacity 22846K, committed 23168K, reserved 1069056K
  class space    used 2479K, capacity 2613K, committed 2688K, reserved 1048576K
Event: 10.573 GC heap after
Heap after GC invocations=61 (full 1):
 def new generation   total 6528K, used 155K [0x00000000f0800000, 0x00000000f0f10000, 0x00000000f5aa0000)
  eden space 5824K,   0% used [0x00000000f0800000, 0x00000000f0800000, 0x00000000f0db0000)
  from space 704K,  22% used [0x00000000f0db0000, 0x00000000f0dd6f28, 0x00000000f0e60000)
  to   space 704K,   0% used [0x00000000f0e60000, 0x00000000f0e60000, 0x00000000f0f10000)
 tenured generation   total 14336K, used 13222K [0x00000000f5aa0000, 0x00000000f68a0000, 0x0000000100000000)
   the space 14336K,  92% used [0x00000000f5aa0000, 0x00000000f6789988, 0x00000000f6789a00, 0x00000000f68a0000)
 Metaspace       used 22502K, capacity 22846K, committed 23168K, reserved 1069056K
  class space    used 2479K, capacity 2613K, committed 2688K, reserved 1048576K
}
Event: 10.773 GC heap before
{Heap before GC invocations=61 (full 1):
 def new generation   total 6528K, used 5967K [0x00000000f0800000, 0x00000000f0f10000, 0x00000000f5aa0000)
  eden space 5824K,  99% used [0x00000000f0800000, 0x00000000f0dad078, 0x00000000f0db0000)
  from space 704K,  22% used [0x00000000f0db0000, 0x00000000f0dd6f28, 0x00000000f0e60000)
  to   space 704K,   0% used [0x00000000f0e60000, 0x00000000f0e60000, 0x00000000f0f10000)
 tenured generation   total 14336K, used 13222K [0x00000000f5aa0000, 0x00000000f68a0000, 0x0000000100000000)
   the space 14336K,  92% used [0x00000000f5aa0000, 0x00000000f6789988, 0x00000000f6789a00, 0x00000000f68a0000)
 Metaspace       used 22502K, capacity 22846K, committed 23168K, reserved 1069056K
  class space    used 2479K, capacity 2613K, committed 2688K, reserved 1048576K
Event: 10.774 GC heap after
Heap after GC invocations=62 (full 1):
 def new generation   total 6528K, used 161K [0x00000000f0800000, 0x00000000f0f10000, 0x00000000f5aa0000)
  eden space 5824K,   0% used [0x00000000f0800000, 0x00000000f0800000, 0x00000000f0db0000)
  from space 704K,  22% used [0x00000000f0e60000, 0x00000000f0e88630, 0x00000000f0f10000)
  to   space 704K,   0% used [0x00000000f0db0000, 0x00000000f0db0000, 0x00000000f0e60000)
 tenured generation   total 14336K, used 13223K [0x00000000f5aa0000, 0x00000000f68a0000, 0x0000000100000000)
   the space 14336K,  92% used [0x00000000f5aa0000, 0x00000000f6789fc8, 0x00000000f678a000, 0x00000000f68a0000)
 Metaspace       used 22502K, capacity 22846K, committed 23168K, reserved 1069056K
  class space    used 2479K, capacity 2613K, committed 2688K, reserved 1048576K
}

